[ 2017-01-13T18:15:06+08:00 ] 127.0.0.1 /
INFO: [ app_init ] --START--
INFO: Run Behavior\BuildLiteBehavior [ RunTime:0.000000s ]
INFO: [ app_init ] --END-- [ RunTime:0.002000s ]
INFO: [ app_begin ] --START--
INFO: Run Behavior\ReadHtmlCacheBehavior [ RunTime:0.001000s ]
INFO: Run Behavior\CheckLangBehavior [ RunTime:0.002000s ]
INFO: [ app_begin ] --END-- [ RunTime:0.003000s ]
SQL: SHOW COLUMNS FROM `movesay_config` [ RunTime:0.0360s ]
SQL: SELECT * FROM `movesay_config` WHERE `id` = 1 LIMIT 1   [ RunTime:0.0020s ]
NOTIC: [8] Undefined index: qijianke D:\workfile\btc_fujian2\Application\Home\Controller\HomeController.class.php 第 49 行.
SQL: SHOW COLUMNS FROM `movesay_coin` [ RunTime:0.0240s ]
SQL: SELECT * FROM `movesay_coin` WHERE `status` = 1  [ RunTime:0.0010s ]
SQL: SHOW COLUMNS FROM `movesay_market` [ RunTime:0.0390s ]
SQL: SELECT * FROM `movesay_market` WHERE `status` = 1  [ RunTime:0.0010s ]
NOTIC: [2] round() expects parameter 2 to be long, string given D:\workfile\btc_fujian2\Application\Home\Controller\HomeController.class.php 第 104 行.
NOTIC: [2] round() expects parameter 2 to be long, string given D:\workfile\btc_fujian2\Application\Home\Controller\HomeController.class.php 第 105 行.
NOTIC: [2] round() expects parameter 2 to be long, string given D:\workfile\btc_fujian2\Application\Home\Controller\HomeController.class.php 第 106 行.
NOTIC: [2] round() expects parameter 2 to be long, string given D:\workfile\btc_fujian2\Application\Home\Controller\HomeController.class.php 第 107 行.
NOTIC: [2] round() expects parameter 2 to be long, string given D:\workfile\btc_fujian2\Application\Home\Controller\HomeController.class.php 第 108 行.
SQL: SHOW COLUMNS FROM `movesay_daohang` [ RunTime:0.0110s ]
SQL: SELECT * FROM `movesay_daohang` WHERE `status` = 1 ORDER BY sort asc  [ RunTime:0.0000s ]
SQL: SHOW COLUMNS FROM `movesay_article_type` [ RunTime:0.0170s ]
SQL: SELECT * FROM `movesay_article_type` WHERE `status` = 1 AND `footer` = 1 AND `shang` = '' ORDER BY sort asc ,id desc LIMIT 3   [ RunTime:0.0010s ]
SQL: SHOW COLUMNS FROM `movesay_article` [ RunTime:0.0240s ]
SQL: SELECT `id`,`title` FROM `movesay_article` WHERE `footer` = 1 AND `status` = 1 ORDER BY id asc LIMIT 4   [ RunTime:0.0010s ]
SQL: SELECT `id`,`title` FROM `movesay_article` WHERE `footer` = 1 AND `status` = 1 ORDER BY id asc LIMIT 4   [ RunTime:0.0010s ]
SQL: SELECT `id`,`title` FROM `movesay_article` WHERE `footer` = 1 AND `status` = 1 ORDER BY id asc LIMIT 4   [ RunTime:0.0010s ]
SQL: SHOW COLUMNS FROM `movesay_adver` [ RunTime:0.0080s ]
SQL: SELECT * FROM `movesay_adver` WHERE `status` = 1 ORDER BY id asc  [ RunTime:0.0000s ]
SQL: SELECT * FROM `movesay_article_type` WHERE `status` = 1 AND `index` = 1 ORDER BY sort asc ,id desc LIMIT 3   [ RunTime:0.0000s ]
SQL: SELECT * FROM `movesay_article` WHERE `type` = 'notice' AND `status` = 1 AND `index` = 1 ORDER BY id desc LIMIT 6   [ RunTime:0.0010s ]
SQL: SELECT * FROM `movesay_article` WHERE `type` = 'news' AND `status` = 1 AND `index` = 1 ORDER BY id desc LIMIT 6   [ RunTime:0.0130s ]
SQL: SELECT * FROM `movesay_article` WHERE `type` = 'help' AND `status` = 1 AND `index` = 1 ORDER BY id desc LIMIT 6   [ RunTime:0.0020s ]
SQL: SHOW COLUMNS FROM `movesay_link` [ RunTime:0.0150s ]
SQL: SELECT * FROM `movesay_link` WHERE `status` = 1 ORDER BY sort asc ,id desc  [ RunTime:0.0010s ]
SQL: SHOW COLUMNS FROM `movesay_fenhong_log` [ RunTime:0.0190s ]
SQL: SELECT `coinname`,`coinjian` FROM `movesay_fenhong_log` WHERE `userid` = 0 LIMIT 1   [ RunTime:0.0010s ]
SQL: SHOW COLUMNS FROM `movesay_user_coin_sep` [ RunTime:0.0170s ]
SQL: SELECT * FROM `movesay_user_coin_sep` WHERE `userid` = 0 AND `coinjian` = null LIMIT 1   [ RunTime:0.0000s ]
SQL: SELECT SUM(fund_mum) AS tp_sum FROM `movesay_user_coin_sep` WHERE `coinjian` = null LIMIT 1   [ RunTime:0.0000s ]
INFO: [ view_parse ] --START--
INFO: [ template_filter ] --START--
INFO: Run Behavior\ContentReplaceBehavior [ RunTime:0.000000s ]
INFO: [ template_filter ] --END-- [ RunTime:0.001000s ]
NOTIC: [8] Undefined index: login_verify D:\workfile\btc_fujian2\Runtime\Cache\Home\348bf7e680147f44c91d6f1b3396fe71.php 第 229 行.
NOTIC: [8] Undefined index: index_lejimum D:\workfile\btc_fujian2\Runtime\Cache\Home\348bf7e680147f44c91d6f1b3396fe71.php 第 409 行.
NOTIC: [8] Undefined index: login_verify D:\workfile\btc_fujian2\Runtime\Cache\Home\348bf7e680147f44c91d6f1b3396fe71.php 第 1007 行.
INFO: Run Behavior\ParseTemplateBehavior [ RunTime:0.051003s ]
INFO: [ view_parse ] --END-- [ RunTime:0.051003s ]
INFO: [ view_filter ] --START--
INFO: Run Behavior\WriteHtmlCacheBehavior [ RunTime:0.001000s ]
INFO: [ view_filter ] --END-- [ RunTime:0.001000s ]
INFO: [ app_end ] --START--
INFO: Run Behavior\ShowPageTraceBehavior [ RunTime:0.001000s ]
INFO: [ app_end ] --END-- [ RunTime:0.001000s ]

[ 2017-01-13T18:15:06+08:00 ] 127.0.0.1 /Upload/ad/583b08644353e.jpg
INFO: [ app_init ] --START--
INFO: Run Behavior\BuildLiteBehavior [ RunTime:0.000000s ]
INFO: [ app_init ] --END-- [ RunTime:0.005000s ]

[ 2017-01-13T18:15:06+08:00 ] 127.0.0.1 /Ajax/getJsonMenu?t=0.38687061126870725
INFO: [ app_init ] --START--
INFO: Run Behavior\BuildLiteBehavior [ RunTime:0.000000s ]
INFO: [ app_init ] --END-- [ RunTime:0.002000s ]
INFO: [ app_begin ] --START--
INFO: Run Behavior\ReadHtmlCacheBehavior [ RunTime:0.000000s ]
INFO: Run Behavior\CheckLangBehavior [ RunTime:0.002001s ]
INFO: [ app_begin ] --END-- [ RunTime:0.002001s ]
SQL: SHOW COLUMNS FROM `movesay_config` [ RunTime:0.0030s ]
SQL: SELECT * FROM `movesay_config` WHERE `id` = 1 LIMIT 1   [ RunTime:0.0000s ]
NOTIC: [8] Undefined index: qijianke D:\workfile\btc_fujian2\Application\Home\Controller\HomeController.class.php 第 49 行.
SQL: SHOW COLUMNS FROM `movesay_coin` [ RunTime:0.0020s ]
SQL: SELECT * FROM `movesay_coin` WHERE `status` = 1  [ RunTime:0.0010s ]
SQL: SHOW COLUMNS FROM `movesay_market` [ RunTime:0.0020s ]
SQL: SELECT * FROM `movesay_market` WHERE `status` = 1  [ RunTime:0.0000s ]
NOTIC: [2] round() expects parameter 2 to be long, string given D:\workfile\btc_fujian2\Application\Home\Controller\HomeController.class.php 第 104 行.
NOTIC: [2] round() expects parameter 2 to be long, string given D:\workfile\btc_fujian2\Application\Home\Controller\HomeController.class.php 第 105 行.
NOTIC: [2] round() expects parameter 2 to be long, string given D:\workfile\btc_fujian2\Application\Home\Controller\HomeController.class.php 第 106 行.
NOTIC: [2] round() expects parameter 2 to be long, string given D:\workfile\btc_fujian2\Application\Home\Controller\HomeController.class.php 第 107 行.
NOTIC: [2] round() expects parameter 2 to be long, string given D:\workfile\btc_fujian2\Application\Home\Controller\HomeController.class.php 第 108 行.
SQL: SHOW COLUMNS FROM `movesay_daohang` [ RunTime:0.0020s ]
SQL: SELECT * FROM `movesay_daohang` WHERE `status` = 1 ORDER BY sort asc  [ RunTime:0.0000s ]
SQL: SHOW COLUMNS FROM `movesay_article_type` [ RunTime:0.0020s ]
SQL: SELECT * FROM `movesay_article_type` WHERE `status` = 1 AND `footer` = 1 AND `shang` = '' ORDER BY sort asc ,id desc LIMIT 3   [ RunTime:0.0000s ]
SQL: SHOW COLUMNS FROM `movesay_article` [ RunTime:0.0020s ]
SQL: SELECT `id`,`title` FROM `movesay_article` WHERE `footer` = 1 AND `status` = 1 ORDER BY id asc LIMIT 4   [ RunTime:0.0000s ]
SQL: SELECT `id`,`title` FROM `movesay_article` WHERE `footer` = 1 AND `status` = 1 ORDER BY id asc LIMIT 4   [ RunTime:0.0010s ]
SQL: SELECT `id`,`title` FROM `movesay_article` WHERE `footer` = 1 AND `status` = 1 ORDER BY id asc LIMIT 4   [ RunTime:0.0000s ]

[ 2017-01-13T18:15:06+08:00 ] 127.0.0.1 /Upload/ad/583b0ad95c8fd.png
INFO: [ app_init ] --START--
INFO: Run Behavior\BuildLiteBehavior [ RunTime:0.000000s ]
INFO: [ app_init ] --END-- [ RunTime:0.002001s ]

[ 2017-01-13T18:15:06+08:00 ] 127.0.0.1 /Ajax/trends?t=0.7655080829546559
INFO: [ app_init ] --START--
INFO: Run Behavior\BuildLiteBehavior [ RunTime:0.000000s ]
INFO: [ app_init ] --END-- [ RunTime:0.004000s ]
INFO: [ app_begin ] --START--
INFO: Run Behavior\ReadHtmlCacheBehavior [ RunTime:0.001000s ]
INFO: Run Behavior\CheckLangBehavior [ RunTime:0.002000s ]
INFO: [ app_begin ] --END-- [ RunTime:0.003000s ]
SQL: SHOW COLUMNS FROM `movesay_config` [ RunTime:0.0020s ]
SQL: SELECT * FROM `movesay_config` WHERE `id` = 1 LIMIT 1   [ RunTime:0.0000s ]
NOTIC: [8] Undefined index: qijianke D:\workfile\btc_fujian2\Application\Home\Controller\HomeController.class.php 第 49 行.
SQL: SHOW COLUMNS FROM `movesay_coin` [ RunTime:0.0020s ]
SQL: SELECT * FROM `movesay_coin` WHERE `status` = 1  [ RunTime:0.0000s ]
SQL: SHOW COLUMNS FROM `movesay_market` [ RunTime:0.0020s ]
SQL: SELECT * FROM `movesay_market` WHERE `status` = 1  [ RunTime:0.0000s ]
NOTIC: [2] round() expects parameter 2 to be long, string given D:\workfile\btc_fujian2\Application\Home\Controller\HomeController.class.php 第 104 行.
NOTIC: [2] round() expects parameter 2 to be long, string given D:\workfile\btc_fujian2\Application\Home\Controller\HomeController.class.php 第 105 行.
NOTIC: [2] round() expects parameter 2 to be long, string given D:\workfile\btc_fujian2\Application\Home\Controller\HomeController.class.php 第 106 行.
NOTIC: [2] round() expects parameter 2 to be long, string given D:\workfile\btc_fujian2\Application\Home\Controller\HomeController.class.php 第 107 行.
NOTIC: [2] round() expects parameter 2 to be long, string given D:\workfile\btc_fujian2\Application\Home\Controller\HomeController.class.php 第 108 行.
SQL: SHOW COLUMNS FROM `movesay_daohang` [ RunTime:0.0010s ]
SQL: SELECT * FROM `movesay_daohang` WHERE `status` = 1 ORDER BY sort asc  [ RunTime:0.0000s ]
SQL: SHOW COLUMNS FROM `movesay_article_type` [ RunTime:0.0020s ]
SQL: SELECT * FROM `movesay_article_type` WHERE `status` = 1 AND `footer` = 1 AND `shang` = '' ORDER BY sort asc ,id desc LIMIT 3   [ RunTime:0.0010s ]
SQL: SHOW COLUMNS FROM `movesay_article` [ RunTime:0.0020s ]
SQL: SELECT `id`,`title` FROM `movesay_article` WHERE `footer` = 1 AND `status` = 1 ORDER BY id asc LIMIT 4   [ RunTime:0.0000s ]
SQL: SELECT `id`,`title` FROM `movesay_article` WHERE `footer` = 1 AND `status` = 1 ORDER BY id asc LIMIT 4   [ RunTime:0.0000s ]
SQL: SELECT `id`,`title` FROM `movesay_article` WHERE `footer` = 1 AND `status` = 1 ORDER BY id asc LIMIT 4   [ RunTime:0.0010s ]

[ 2017-01-13T18:15:06+08:00 ] 127.0.0.1 /Ajax/allcoin?t=0.1405092192463302
INFO: [ app_init ] --START--
INFO: Run Behavior\BuildLiteBehavior [ RunTime:0.000000s ]
INFO: [ app_init ] --END-- [ RunTime:0.002000s ]
INFO: [ app_begin ] --START--
INFO: Run Behavior\ReadHtmlCacheBehavior [ RunTime:0.000000s ]
INFO: Run Behavior\CheckLangBehavior [ RunTime:0.002000s ]
INFO: [ app_begin ] --END-- [ RunTime:0.003000s ]
SQL: SHOW COLUMNS FROM `movesay_config` [ RunTime:0.0030s ]
SQL: SELECT * FROM `movesay_config` WHERE `id` = 1 LIMIT 1   [ RunTime:0.0010s ]
NOTIC: [8] Undefined index: qijianke D:\workfile\btc_fujian2\Application\Home\Controller\HomeController.class.php 第 49 行.
SQL: SHOW COLUMNS FROM `movesay_coin` [ RunTime:0.0020s ]
SQL: SELECT * FROM `movesay_coin` WHERE `status` = 1  [ RunTime:0.0000s ]
SQL: SHOW COLUMNS FROM `movesay_market` [ RunTime:0.0020s ]
SQL: SELECT * FROM `movesay_market` WHERE `status` = 1  [ RunTime:0.0000s ]
NOTIC: [2] round() expects parameter 2 to be long, string given D:\workfile\btc_fujian2\Application\Home\Controller\HomeController.class.php 第 104 行.
NOTIC: [2] round() expects parameter 2 to be long, string given D:\workfile\btc_fujian2\Application\Home\Controller\HomeController.class.php 第 105 行.
NOTIC: [2] round() expects parameter 2 to be long, string given D:\workfile\btc_fujian2\Application\Home\Controller\HomeController.class.php 第 106 行.
NOTIC: [2] round() expects parameter 2 to be long, string given D:\workfile\btc_fujian2\Application\Home\Controller\HomeController.class.php 第 107 行.
NOTIC: [2] round() expects parameter 2 to be long, string given D:\workfile\btc_fujian2\Application\Home\Controller\HomeController.class.php 第 108 行.
SQL: SHOW COLUMNS FROM `movesay_daohang` [ RunTime:0.0020s ]
SQL: SELECT * FROM `movesay_daohang` WHERE `status` = 1 ORDER BY sort asc  [ RunTime:0.0010s ]
SQL: SHOW COLUMNS FROM `movesay_article_type` [ RunTime:0.0020s ]
SQL: SELECT * FROM `movesay_article_type` WHERE `status` = 1 AND `footer` = 1 AND `shang` = '' ORDER BY sort asc ,id desc LIMIT 3   [ RunTime:0.0000s ]
SQL: SHOW COLUMNS FROM `movesay_article` [ RunTime:0.0020s ]
SQL: SELECT `id`,`title` FROM `movesay_article` WHERE `footer` = 1 AND `status` = 1 ORDER BY id asc LIMIT 4   [ RunTime:0.0000s ]
SQL: SELECT `id`,`title` FROM `movesay_article` WHERE `footer` = 1 AND `status` = 1 ORDER BY id asc LIMIT 4   [ RunTime:0.0000s ]
SQL: SELECT `id`,`title` FROM `movesay_article` WHERE `footer` = 1 AND `status` = 1 ORDER BY id asc LIMIT 4   [ RunTime:0.0000s ]
NOTIC: [2] round() expects parameter 2 to be long, string given D:\workfile\btc_fujian2\Application\Home\Controller\AjaxController.class.php 第 98 行.
NOTIC: [2] round() expects parameter 2 to be long, string given D:\workfile\btc_fujian2\Application\Home\Controller\AjaxController.class.php 第 99 行.
NOTIC: [2] round() expects parameter 2 to be long, string given D:\workfile\btc_fujian2\Application\Home\Controller\AjaxController.class.php 第 100 行.

[ 2017-01-13T18:15:39+08:00 ] 127.0.0.1 /Home/Index/index.html
INFO: [ app_init ] --START--
INFO: Run Behavior\BuildLiteBehavior [ RunTime:0.000000s ]
INFO: [ app_init ] --END-- [ RunTime:0.002000s ]
INFO: [ app_begin ] --START--
INFO: Run Behavior\ReadHtmlCacheBehavior [ RunTime:0.000000s ]
INFO: Run Behavior\CheckLangBehavior [ RunTime:0.003000s ]
INFO: [ app_begin ] --END-- [ RunTime:0.003000s ]
SQL: SHOW COLUMNS FROM `movesay_config` [ RunTime:0.0030s ]
SQL: SELECT * FROM `movesay_config` WHERE `id` = 1 LIMIT 1   [ RunTime:0.0010s ]
NOTIC: [8] Undefined index: qijianke D:\workfile\btc_fujian2\Application\Home\Controller\HomeController.class.php 第 49 行.
SQL: SHOW COLUMNS FROM `movesay_coin` [ RunTime:0.0030s ]
SQL: SELECT * FROM `movesay_coin` WHERE `status` = 1  [ RunTime:0.0010s ]
SQL: SHOW COLUMNS FROM `movesay_market` [ RunTime:0.0020s ]
SQL: SELECT * FROM `movesay_market` WHERE `status` = 1  [ RunTime:0.0010s ]
NOTIC: [2] round() expects parameter 2 to be long, string given D:\workfile\btc_fujian2\Application\Home\Controller\HomeController.class.php 第 104 行.
NOTIC: [2] round() expects parameter 2 to be long, string given D:\workfile\btc_fujian2\Application\Home\Controller\HomeController.class.php 第 105 行.
NOTIC: [2] round() expects parameter 2 to be long, string given D:\workfile\btc_fujian2\Application\Home\Controller\HomeController.class.php 第 106 行.
NOTIC: [2] round() expects parameter 2 to be long, string given D:\workfile\btc_fujian2\Application\Home\Controller\HomeController.class.php 第 107 行.
NOTIC: [2] round() expects parameter 2 to be long, string given D:\workfile\btc_fujian2\Application\Home\Controller\HomeController.class.php 第 108 行.
SQL: SHOW COLUMNS FROM `movesay_daohang` [ RunTime:0.0020s ]
SQL: SELECT * FROM `movesay_daohang` WHERE `status` = 1 ORDER BY sort asc  [ RunTime:0.0000s ]
SQL: SHOW COLUMNS FROM `movesay_article_type` [ RunTime:0.0020s ]
SQL: SELECT * FROM `movesay_article_type` WHERE `status` = 1 AND `footer` = 1 AND `shang` = '' ORDER BY sort asc ,id desc LIMIT 3   [ RunTime:0.0000s ]
SQL: SHOW COLUMNS FROM `movesay_article` [ RunTime:0.0020s ]
SQL: SELECT `id`,`title` FROM `movesay_article` WHERE `footer` = 1 AND `status` = 1 ORDER BY id asc LIMIT 4   [ RunTime:0.0010s ]
SQL: SELECT `id`,`title` FROM `movesay_article` WHERE `footer` = 1 AND `status` = 1 ORDER BY id asc LIMIT 4   [ RunTime:0.0000s ]
SQL: SELECT `id`,`title` FROM `movesay_article` WHERE `footer` = 1 AND `status` = 1 ORDER BY id asc LIMIT 4   [ RunTime:0.0010s ]
SQL: SHOW COLUMNS FROM `movesay_adver` [ RunTime:0.0020s ]
SQL: SELECT * FROM `movesay_adver` WHERE `status` = 1 ORDER BY id asc  [ RunTime:0.0010s ]
SQL: SELECT * FROM `movesay_article_type` WHERE `status` = 1 AND `index` = 1 ORDER BY sort asc ,id desc LIMIT 3   [ RunTime:0.0010s ]
SQL: SELECT * FROM `movesay_article` WHERE `type` = 'notice' AND `status` = 1 AND `index` = 1 ORDER BY id desc LIMIT 6   [ RunTime:0.0010s ]
SQL: SELECT * FROM `movesay_article` WHERE `type` = 'news' AND `status` = 1 AND `index` = 1 ORDER BY id desc LIMIT 6   [ RunTime:0.0010s ]
SQL: SELECT * FROM `movesay_article` WHERE `type` = 'help' AND `status` = 1 AND `index` = 1 ORDER BY id desc LIMIT 6   [ RunTime:0.0000s ]
SQL: SHOW COLUMNS FROM `movesay_link` [ RunTime:0.0020s ]
SQL: SELECT * FROM `movesay_link` WHERE `status` = 1 ORDER BY sort asc ,id desc  [ RunTime:0.0010s ]
SQL: SHOW COLUMNS FROM `movesay_fenhong_log` [ RunTime:0.0020s ]
SQL: SELECT `coinname`,`coinjian` FROM `movesay_fenhong_log` WHERE `userid` = 0 LIMIT 1   [ RunTime:0.0000s ]
SQL: SHOW COLUMNS FROM `movesay_user_coin_sep` [ RunTime:0.0020s ]
SQL: SELECT * FROM `movesay_user_coin_sep` WHERE `userid` = 0 AND `coinjian` = null LIMIT 1   [ RunTime:0.0000s ]
SQL: SELECT SUM(fund_mum) AS tp_sum FROM `movesay_user_coin_sep` WHERE `coinjian` = null LIMIT 1   [ RunTime:0.0000s ]
INFO: [ view_parse ] --START--
INFO: [ template_filter ] --START--
INFO: Run Behavior\ContentReplaceBehavior [ RunTime:0.000000s ]
INFO: [ template_filter ] --END-- [ RunTime:0.000000s ]
NOTIC: [8] Undefined index: login_verify D:\workfile\btc_fujian2\Runtime\Cache\Home\348bf7e680147f44c91d6f1b3396fe71.php 第 229 行.
NOTIC: [8] Undefined index: index_lejimum D:\workfile\btc_fujian2\Runtime\Cache\Home\348bf7e680147f44c91d6f1b3396fe71.php 第 409 行.
NOTIC: [8] Undefined index: login_verify D:\workfile\btc_fujian2\Runtime\Cache\Home\348bf7e680147f44c91d6f1b3396fe71.php 第 1007 行.
INFO: Run Behavior\ParseTemplateBehavior [ RunTime:0.021001s ]
INFO: [ view_parse ] --END-- [ RunTime:0.021001s ]
INFO: [ view_filter ] --START--
INFO: Run Behavior\WriteHtmlCacheBehavior [ RunTime:0.001000s ]
INFO: [ view_filter ] --END-- [ RunTime:0.001000s ]
INFO: [ app_end ] --START--
INFO: Run Behavior\ShowPageTraceBehavior [ RunTime:0.000000s ]
INFO: [ app_end ] --END-- [ RunTime:0.000000s ]

[ 2017-01-13T18:15:39+08:00 ] 127.0.0.1 /Upload/ad/583b08644353e.jpg
INFO: [ app_init ] --START--
INFO: Run Behavior\BuildLiteBehavior [ RunTime:0.000000s ]
INFO: [ app_init ] --END-- [ RunTime:0.003000s ]

[ 2017-01-13T18:15:39+08:00 ] 127.0.0.1 /Upload/ad/583b0ad95c8fd.png
INFO: [ app_init ] --START--
INFO: Run Behavior\BuildLiteBehavior [ RunTime:0.000000s ]
INFO: [ app_init ] --END-- [ RunTime:0.003000s ]

[ 2017-01-13T18:15:39+08:00 ] 127.0.0.1 /Ajax/getJsonMenu?t=0.830695152932184
INFO: [ app_init ] --START--
INFO: Run Behavior\BuildLiteBehavior [ RunTime:0.000000s ]
INFO: [ app_init ] --END-- [ RunTime:0.002000s ]
INFO: [ app_begin ] --START--
INFO: Run Behavior\ReadHtmlCacheBehavior [ RunTime:0.000000s ]
INFO: Run Behavior\CheckLangBehavior [ RunTime:0.002000s ]
INFO: [ app_begin ] --END-- [ RunTime:0.003000s ]
SQL: SHOW COLUMNS FROM `movesay_config` [ RunTime:0.0020s ]
SQL: SELECT * FROM `movesay_config` WHERE `id` = 1 LIMIT 1   [ RunTime:0.0010s ]
NOTIC: [8] Undefined index: qijianke D:\workfile\btc_fujian2\Application\Home\Controller\HomeController.class.php 第 49 行.
SQL: SHOW COLUMNS FROM `movesay_coin` [ RunTime:0.0040s ]
SQL: SELECT * FROM `movesay_coin` WHERE `status` = 1  [ RunTime:0.0010s ]
SQL: SHOW COLUMNS FROM `movesay_market` [ RunTime:0.0020s ]
SQL: SELECT * FROM `movesay_market` WHERE `status` = 1  [ RunTime:0.0010s ]
NOTIC: [2] round() expects parameter 2 to be long, string given D:\workfile\btc_fujian2\Application\Home\Controller\HomeController.class.php 第 104 行.
NOTIC: [2] round() expects parameter 2 to be long, string given D:\workfile\btc_fujian2\Application\Home\Controller\HomeController.class.php 第 105 行.
NOTIC: [2] round() expects parameter 2 to be long, string given D:\workfile\btc_fujian2\Application\Home\Controller\HomeController.class.php 第 106 行.
NOTIC: [2] round() expects parameter 2 to be long, string given D:\workfile\btc_fujian2\Application\Home\Controller\HomeController.class.php 第 107 行.
NOTIC: [2] round() expects parameter 2 to be long, string given D:\workfile\btc_fujian2\Application\Home\Controller\HomeController.class.php 第 108 行.
SQL: SHOW COLUMNS FROM `movesay_daohang` [ RunTime:0.0020s ]
SQL: SELECT * FROM `movesay_daohang` WHERE `status` = 1 ORDER BY sort asc  [ RunTime:0.0000s ]
SQL: SHOW COLUMNS FROM `movesay_article_type` [ RunTime:0.0020s ]
SQL: SELECT * FROM `movesay_article_type` WHERE `status` = 1 AND `footer` = 1 AND `shang` = '' ORDER BY sort asc ,id desc LIMIT 3   [ RunTime:0.0000s ]
SQL: SHOW COLUMNS FROM `movesay_article` [ RunTime:0.0030s ]
SQL: SELECT `id`,`title` FROM `movesay_article` WHERE `footer` = 1 AND `status` = 1 ORDER BY id asc LIMIT 4   [ RunTime:0.0000s ]
SQL: SELECT `id`,`title` FROM `movesay_article` WHERE `footer` = 1 AND `status` = 1 ORDER BY id asc LIMIT 4   [ RunTime:0.0000s ]
SQL: SELECT `id`,`title` FROM `movesay_article` WHERE `footer` = 1 AND `status` = 1 ORDER BY id asc LIMIT 4   [ RunTime:0.0000s ]

[ 2017-01-13T18:15:39+08:00 ] 127.0.0.1 /Ajax/trends?t=0.8801382851678186
INFO: [ app_init ] --START--
INFO: Run Behavior\BuildLiteBehavior [ RunTime:0.000000s ]
INFO: [ app_init ] --END-- [ RunTime:0.002000s ]
INFO: [ app_begin ] --START--
INFO: Run Behavior\ReadHtmlCacheBehavior [ RunTime:0.001000s ]
INFO: Run Behavior\CheckLangBehavior [ RunTime:0.002000s ]
INFO: [ app_begin ] --END-- [ RunTime:0.003000s ]
SQL: SHOW COLUMNS FROM `movesay_config` [ RunTime:0.0030s ]
SQL: SELECT * FROM `movesay_config` WHERE `id` = 1 LIMIT 1   [ RunTime:0.0010s ]
NOTIC: [8] Undefined index: qijianke D:\workfile\btc_fujian2\Application\Home\Controller\HomeController.class.php 第 49 行.
SQL: SHOW COLUMNS FROM `movesay_coin` [ RunTime:0.0020s ]
SQL: SELECT * FROM `movesay_coin` WHERE `status` = 1  [ RunTime:0.0000s ]
SQL: SHOW COLUMNS FROM `movesay_market` [ RunTime:0.0020s ]
SQL: SELECT * FROM `movesay_market` WHERE `status` = 1  [ RunTime:0.0000s ]
NOTIC: [2] round() expects parameter 2 to be long, string given D:\workfile\btc_fujian2\Application\Home\Controller\HomeController.class.php 第 104 行.
NOTIC: [2] round() expects parameter 2 to be long, string given D:\workfile\btc_fujian2\Application\Home\Controller\HomeController.class.php 第 105 行.
NOTIC: [2] round() expects parameter 2 to be long, string given D:\workfile\btc_fujian2\Application\Home\Controller\HomeController.class.php 第 106 行.
NOTIC: [2] round() expects parameter 2 to be long, string given D:\workfile\btc_fujian2\Application\Home\Controller\HomeController.class.php 第 107 行.
NOTIC: [2] round() expects parameter 2 to be long, string given D:\workfile\btc_fujian2\Application\Home\Controller\HomeController.class.php 第 108 行.
SQL: SHOW COLUMNS FROM `movesay_daohang` [ RunTime:0.0020s ]
SQL: SELECT * FROM `movesay_daohang` WHERE `status` = 1 ORDER BY sort asc  [ RunTime:0.0010s ]
SQL: SHOW COLUMNS FROM `movesay_article_type` [ RunTime:0.0020s ]
SQL: SELECT * FROM `movesay_article_type` WHERE `status` = 1 AND `footer` = 1 AND `shang` = '' ORDER BY sort asc ,id desc LIMIT 3   [ RunTime:0.0000s ]
SQL: SHOW COLUMNS FROM `movesay_article` [ RunTime:0.0010s ]
SQL: SELECT `id`,`title` FROM `movesay_article` WHERE `footer` = 1 AND `status` = 1 ORDER BY id asc LIMIT 4   [ RunTime:0.0000s ]
SQL: SELECT `id`,`title` FROM `movesay_article` WHERE `footer` = 1 AND `status` = 1 ORDER BY id asc LIMIT 4   [ RunTime:0.0000s ]
SQL: SELECT `id`,`title` FROM `movesay_article` WHERE `footer` = 1 AND `status` = 1 ORDER BY id asc LIMIT 4   [ RunTime:0.0010s ]

[ 2017-01-13T18:15:39+08:00 ] 127.0.0.1 /Home/Index/favicon.ico
INFO: [ app_init ] --START--
INFO: Run Behavior\BuildLiteBehavior [ RunTime:0.000000s ]
INFO: [ app_init ] --END-- [ RunTime:0.002000s ]

[ 2017-01-13T18:15:39+08:00 ] 127.0.0.1 /Ajax/allcoin?t=0.3773308292891391
INFO: [ app_init ] --START--
INFO: Run Behavior\BuildLiteBehavior [ RunTime:0.000000s ]
INFO: [ app_init ] --END-- [ RunTime:0.002000s ]
INFO: [ app_begin ] --START--
INFO: Run Behavior\ReadHtmlCacheBehavior [ RunTime:0.001000s ]
INFO: Run Behavior\CheckLangBehavior [ RunTime:0.002000s ]
INFO: [ app_begin ] --END-- [ RunTime:0.003000s ]
SQL: SHOW COLUMNS FROM `movesay_config` [ RunTime:0.0030s ]
SQL: SELECT * FROM `movesay_config` WHERE `id` = 1 LIMIT 1   [ RunTime:0.0000s ]
NOTIC: [8] Undefined index: qijianke D:\workfile\btc_fujian2\Application\Home\Controller\HomeController.class.php 第 49 行.
SQL: SHOW COLUMNS FROM `movesay_coin` [ RunTime:0.0030s ]
SQL: SELECT * FROM `movesay_coin` WHERE `status` = 1  [ RunTime:0.0010s ]
SQL: SHOW COLUMNS FROM `movesay_market` [ RunTime:0.0020s ]
SQL: SELECT * FROM `movesay_market` WHERE `status` = 1  [ RunTime:0.0010s ]
NOTIC: [2] round() expects parameter 2 to be long, string given D:\workfile\btc_fujian2\Application\Home\Controller\HomeController.class.php 第 104 行.
NOTIC: [2] round() expects parameter 2 to be long, string given D:\workfile\btc_fujian2\Application\Home\Controller\HomeController.class.php 第 105 行.
NOTIC: [2] round() expects parameter 2 to be long, string given D:\workfile\btc_fujian2\Application\Home\Controller\HomeController.class.php 第 106 行.
NOTIC: [2] round() expects parameter 2 to be long, string given D:\workfile\btc_fujian2\Application\Home\Controller\HomeController.class.php 第 107 行.
NOTIC: [2] round() expects parameter 2 to be long, string given D:\workfile\btc_fujian2\Application\Home\Controller\HomeController.class.php 第 108 行.
SQL: SHOW COLUMNS FROM `movesay_daohang` [ RunTime:0.0020s ]
SQL: SELECT * FROM `movesay_daohang` WHERE `status` = 1 ORDER BY sort asc  [ RunTime:0.0000s ]
SQL: SHOW COLUMNS FROM `movesay_article_type` [ RunTime:0.0020s ]
SQL: SELECT * FROM `movesay_article_type` WHERE `status` = 1 AND `footer` = 1 AND `shang` = '' ORDER BY sort asc ,id desc LIMIT 3   [ RunTime:0.0000s ]
SQL: SHOW COLUMNS FROM `movesay_article` [ RunTime:0.0010s ]
SQL: SELECT `id`,`title` FROM `movesay_article` WHERE `footer` = 1 AND `status` = 1 ORDER BY id asc LIMIT 4   [ RunTime:0.0010s ]
SQL: SELECT `id`,`title` FROM `movesay_article` WHERE `footer` = 1 AND `status` = 1 ORDER BY id asc LIMIT 4   [ RunTime:0.0000s ]
SQL: SELECT `id`,`title` FROM `movesay_article` WHERE `footer` = 1 AND `status` = 1 ORDER BY id asc LIMIT 4   [ RunTime:0.0000s ]
NOTIC: [2] round() expects parameter 2 to be long, string given D:\workfile\btc_fujian2\Application\Home\Controller\AjaxController.class.php 第 98 行.
NOTIC: [2] round() expects parameter 2 to be long, string given D:\workfile\btc_fujian2\Application\Home\Controller\AjaxController.class.php 第 99 行.
NOTIC: [2] round() expects parameter 2 to be long, string given D:\workfile\btc_fujian2\Application\Home\Controller\AjaxController.class.php 第 100 行.

