[ 2017-01-18T09:56:18+08:00 ] 127.0.0.1 /Chart/getMarketOrdinaryJson?market=ftc_cny&time=5&t=1484704578476
INFO: [ app_init ] --START--
INFO: Run Behavior\BuildLiteBehavior [ RunTime:0.000000s ]
INFO: [ app_init ] --END-- [ RunTime:0.003001s ]
INFO: [ app_begin ] --START--
INFO: Run Behavior\ReadHtmlCacheBehavior [ RunTime:0.001000s ]
INFO: Run Behavior\CheckLangBehavior [ RunTime:0.002000s ]
INFO: [ app_begin ] --END-- [ RunTime:0.003000s ]
SQL: SHOW COLUMNS FROM `movesay_user` [ RunTime:0.0030s ]
SQL: SELECT * FROM `movesay_user` WHERE ( id = 94 ) LIMIT 1   [ RunTime:0.0010s ]
SQL: SHOW COLUMNS FROM `movesay_user_coin` [ RunTime:0.0030s ]
SQL: SELECT * FROM `movesay_user_coin` WHERE `userid` = 94 LIMIT 1   [ RunTime:0.0000s ]
SQL: SHOW COLUMNS FROM `movesay_config` [ RunTime:0.0030s ]
SQL: SELECT * FROM `movesay_config` WHERE `id` = 1 LIMIT 1   [ RunTime:0.0000s ]
NOTIC: [8] Undefined index: qijianke D:\workfile\btc_fujian2\Application\Home\Controller\HomeController.class.php 第 49 行.
SQL: SHOW COLUMNS FROM `movesay_coin` [ RunTime:0.0030s ]
SQL: SELECT * FROM `movesay_coin` WHERE `status` = 1  [ RunTime:0.0010s ]
SQL: SHOW COLUMNS FROM `movesay_market` [ RunTime:0.0030s ]
SQL: SELECT * FROM `movesay_market` WHERE `status` = 1  [ RunTime:0.0000s ]
SQL: SHOW COLUMNS FROM `movesay_daohang` [ RunTime:0.0020s ]
SQL: SELECT * FROM `movesay_daohang` WHERE `status` = 1 ORDER BY sort asc  [ RunTime:0.0000s ]
SQL: SHOW COLUMNS FROM `movesay_article_type` [ RunTime:0.0020s ]
SQL: SELECT * FROM `movesay_article_type` WHERE `status` = 1 AND `footer` = 1 AND `shang` = '' ORDER BY sort asc ,id desc LIMIT 3   [ RunTime:0.0010s ]
SQL: SHOW COLUMNS FROM `movesay_article` [ RunTime:0.0020s ]
SQL: SELECT `id`,`title` FROM `movesay_article` WHERE `footer` = 1 AND `status` = 1 ORDER BY id asc LIMIT 4   [ RunTime:0.0000s ]
SQL: SELECT `id`,`title` FROM `movesay_article` WHERE `footer` = 1 AND `status` = 1 ORDER BY id asc LIMIT 4   [ RunTime:0.0000s ]
SQL: SELECT `id`,`title` FROM `movesay_article` WHERE `footer` = 1 AND `status` = 1 ORDER BY id asc LIMIT 4   [ RunTime:0.0000s ]
SQL: SHOW COLUMNS FROM `movesay_trade_json` [ RunTime:0.0030s ]
SQL: SELECT * FROM `movesay_trade_json` WHERE `market` = 'ftc_cny' AND `type` = '5' AND `data` <> '' ORDER BY id desc LIMIT 100   [ RunTime:0.0010s ]

[ 2017-01-18T09:56:19+08:00 ] 127.0.0.1 /Ajax/getTradelog?market=ftc_cny&t=0.014644938986172473
INFO: [ app_init ] --START--
INFO: Run Behavior\BuildLiteBehavior [ RunTime:0.000000s ]
INFO: [ app_init ] --END-- [ RunTime:0.003000s ]
INFO: [ app_begin ] --START--
INFO: Run Behavior\ReadHtmlCacheBehavior [ RunTime:0.001000s ]
INFO: Run Behavior\CheckLangBehavior [ RunTime:0.002000s ]
INFO: [ app_begin ] --END-- [ RunTime:0.003000s ]
SQL: SHOW COLUMNS FROM `movesay_user` [ RunTime:0.0030s ]
SQL: SELECT * FROM `movesay_user` WHERE ( id = 94 ) LIMIT 1   [ RunTime:0.0000s ]
SQL: SHOW COLUMNS FROM `movesay_user_coin` [ RunTime:0.0030s ]
SQL: SELECT * FROM `movesay_user_coin` WHERE `userid` = 94 LIMIT 1   [ RunTime:0.0010s ]
SQL: SHOW COLUMNS FROM `movesay_config` [ RunTime:0.0030s ]
SQL: SELECT * FROM `movesay_config` WHERE `id` = 1 LIMIT 1   [ RunTime:0.0010s ]
NOTIC: [8] Undefined index: qijianke D:\workfile\btc_fujian2\Application\Home\Controller\HomeController.class.php 第 49 行.
SQL: SHOW COLUMNS FROM `movesay_coin` [ RunTime:0.0030s ]
SQL: SELECT * FROM `movesay_coin` WHERE `status` = 1  [ RunTime:0.0000s ]
SQL: SHOW COLUMNS FROM `movesay_market` [ RunTime:0.0030s ]
SQL: SELECT * FROM `movesay_market` WHERE `status` = 1  [ RunTime:0.0000s ]
SQL: SHOW COLUMNS FROM `movesay_daohang` [ RunTime:0.0020s ]
SQL: SELECT * FROM `movesay_daohang` WHERE `status` = 1 ORDER BY sort asc  [ RunTime:0.0000s ]
SQL: SHOW COLUMNS FROM `movesay_article_type` [ RunTime:0.0030s ]
SQL: SELECT * FROM `movesay_article_type` WHERE `status` = 1 AND `footer` = 1 AND `shang` = '' ORDER BY sort asc ,id desc LIMIT 3   [ RunTime:0.0000s ]
SQL: SHOW COLUMNS FROM `movesay_article` [ RunTime:0.0020s ]
SQL: SELECT `id`,`title` FROM `movesay_article` WHERE `footer` = 1 AND `status` = 1 ORDER BY id asc LIMIT 4   [ RunTime:0.0010s ]
SQL: SELECT `id`,`title` FROM `movesay_article` WHERE `footer` = 1 AND `status` = 1 ORDER BY id asc LIMIT 4   [ RunTime:0.0000s ]
SQL: SELECT `id`,`title` FROM `movesay_article` WHERE `footer` = 1 AND `status` = 1 ORDER BY id asc LIMIT 4   [ RunTime:0.0000s ]
SQL: SHOW COLUMNS FROM `movesay_trade_log` [ RunTime:0.0020s ]
SQL: SELECT * FROM `movesay_trade_log` WHERE `status` = 1 AND `market` = 'ftc_cny' ORDER BY id desc LIMIT 50   [ RunTime:0.0010s ]

[ 2017-01-18T09:56:19+08:00 ] 127.0.0.1 /Ajax/getJsonTop?market=ftc_cny&t=0.398126678132942
INFO: [ app_init ] --START--
INFO: Run Behavior\BuildLiteBehavior [ RunTime:0.000000s ]
INFO: [ app_init ] --END-- [ RunTime:0.003000s ]
INFO: [ app_begin ] --START--
INFO: Run Behavior\ReadHtmlCacheBehavior [ RunTime:0.000000s ]
INFO: Run Behavior\CheckLangBehavior [ RunTime:0.002000s ]
INFO: [ app_begin ] --END-- [ RunTime:0.002000s ]
SQL: SHOW COLUMNS FROM `movesay_user` [ RunTime:0.0020s ]
SQL: SELECT * FROM `movesay_user` WHERE ( id = 94 ) LIMIT 1   [ RunTime:0.0000s ]
SQL: SHOW COLUMNS FROM `movesay_user_coin` [ RunTime:0.0030s ]
SQL: SELECT * FROM `movesay_user_coin` WHERE `userid` = 94 LIMIT 1   [ RunTime:0.0000s ]
SQL: SHOW COLUMNS FROM `movesay_config` [ RunTime:0.0020s ]
SQL: SELECT * FROM `movesay_config` WHERE `id` = 1 LIMIT 1   [ RunTime:0.0000s ]
NOTIC: [8] Undefined index: qijianke D:\workfile\btc_fujian2\Application\Home\Controller\HomeController.class.php 第 49 行.
SQL: SHOW COLUMNS FROM `movesay_coin` [ RunTime:0.0040s ]
SQL: SELECT * FROM `movesay_coin` WHERE `status` = 1  [ RunTime:0.0010s ]
SQL: SHOW COLUMNS FROM `movesay_market` [ RunTime:0.0020s ]
SQL: SELECT * FROM `movesay_market` WHERE `status` = 1  [ RunTime:0.0010s ]
SQL: SHOW COLUMNS FROM `movesay_daohang` [ RunTime:0.0030s ]
SQL: SELECT * FROM `movesay_daohang` WHERE `status` = 1 ORDER BY sort asc  [ RunTime:0.0000s ]
SQL: SHOW COLUMNS FROM `movesay_article_type` [ RunTime:0.0020s ]
SQL: SELECT * FROM `movesay_article_type` WHERE `status` = 1 AND `footer` = 1 AND `shang` = '' ORDER BY sort asc ,id desc LIMIT 3   [ RunTime:0.0000s ]
SQL: SHOW COLUMNS FROM `movesay_article` [ RunTime:0.0020s ]
SQL: SELECT `id`,`title` FROM `movesay_article` WHERE `footer` = 1 AND `status` = 1 ORDER BY id asc LIMIT 4   [ RunTime:0.0000s ]
SQL: SELECT `id`,`title` FROM `movesay_article` WHERE `footer` = 1 AND `status` = 1 ORDER BY id asc LIMIT 4   [ RunTime:0.0000s ]
SQL: SELECT `id`,`title` FROM `movesay_article` WHERE `footer` = 1 AND `status` = 1 ORDER BY id asc LIMIT 4   [ RunTime:0.0000s ]

[ 2017-01-18T09:56:23+08:00 ] 127.0.0.1 /Ajax/getEntrustAndUsercoin?market=ftc_cny&t=0.9520266001213566
INFO: [ app_init ] --START--
INFO: Run Behavior\BuildLiteBehavior [ RunTime:0.000000s ]
INFO: [ app_init ] --END-- [ RunTime:0.003001s ]
INFO: [ app_begin ] --START--
INFO: Run Behavior\ReadHtmlCacheBehavior [ RunTime:0.000000s ]
INFO: Run Behavior\CheckLangBehavior [ RunTime:0.003000s ]
INFO: [ app_begin ] --END-- [ RunTime:0.003000s ]
SQL: SHOW COLUMNS FROM `movesay_user` [ RunTime:0.0030s ]
SQL: SELECT * FROM `movesay_user` WHERE ( id = 94 ) LIMIT 1   [ RunTime:0.0000s ]
SQL: SHOW COLUMNS FROM `movesay_user_coin` [ RunTime:0.0030s ]
SQL: SELECT * FROM `movesay_user_coin` WHERE `userid` = 94 LIMIT 1   [ RunTime:0.0000s ]
SQL: SHOW COLUMNS FROM `movesay_config` [ RunTime:0.0030s ]
SQL: SELECT * FROM `movesay_config` WHERE `id` = 1 LIMIT 1   [ RunTime:0.0010s ]
NOTIC: [8] Undefined index: qijianke D:\workfile\btc_fujian2\Application\Home\Controller\HomeController.class.php 第 49 行.
SQL: SHOW COLUMNS FROM `movesay_coin` [ RunTime:0.0030s ]
SQL: SELECT * FROM `movesay_coin` WHERE `status` = 1  [ RunTime:0.0000s ]
SQL: SHOW COLUMNS FROM `movesay_market` [ RunTime:0.0030s ]
SQL: SELECT * FROM `movesay_market` WHERE `status` = 1  [ RunTime:0.0010s ]
SQL: SHOW COLUMNS FROM `movesay_daohang` [ RunTime:0.0020s ]
SQL: SELECT * FROM `movesay_daohang` WHERE `status` = 1 ORDER BY sort asc  [ RunTime:0.0000s ]
SQL: SHOW COLUMNS FROM `movesay_article_type` [ RunTime:0.0030s ]
SQL: SELECT * FROM `movesay_article_type` WHERE `status` = 1 AND `footer` = 1 AND `shang` = '' ORDER BY sort asc ,id desc LIMIT 3   [ RunTime:0.0000s ]
SQL: SHOW COLUMNS FROM `movesay_article` [ RunTime:0.0030s ]
SQL: SELECT `id`,`title` FROM `movesay_article` WHERE `footer` = 1 AND `status` = 1 ORDER BY id asc LIMIT 4   [ RunTime:0.0000s ]
SQL: SELECT `id`,`title` FROM `movesay_article` WHERE `footer` = 1 AND `status` = 1 ORDER BY id asc LIMIT 4   [ RunTime:0.0000s ]
SQL: SELECT `id`,`title` FROM `movesay_article` WHERE `footer` = 1 AND `status` = 1 ORDER BY id asc LIMIT 4   [ RunTime:0.0000s ]
SQL: select id,price,num,deal,mum,type,fee,status,addtime from movesay_trade where status=0 and market='ftc_cny' and userid=94 order by id desc limit 10; [ RunTime:0.0030s ]
SQL: SELECT * FROM `movesay_user_coin` WHERE `userid` = 94 LIMIT 1   [ RunTime:0.0000s ]

[ 2017-01-18T09:56:23+08:00 ] 127.0.0.1 /Ajax/allfinance?t=0.8654140151727223
INFO: [ app_init ] --START--
INFO: Run Behavior\BuildLiteBehavior [ RunTime:0.000000s ]
INFO: [ app_init ] --END-- [ RunTime:0.003001s ]
INFO: [ app_begin ] --START--
INFO: Run Behavior\ReadHtmlCacheBehavior [ RunTime:0.000000s ]
INFO: Run Behavior\CheckLangBehavior [ RunTime:0.003000s ]
INFO: [ app_begin ] --END-- [ RunTime:0.003000s ]
SQL: SHOW COLUMNS FROM `movesay_user` [ RunTime:0.0030s ]
SQL: SELECT * FROM `movesay_user` WHERE ( id = 94 ) LIMIT 1   [ RunTime:0.0010s ]
SQL: SHOW COLUMNS FROM `movesay_user_coin` [ RunTime:0.0020s ]
SQL: SELECT * FROM `movesay_user_coin` WHERE `userid` = 94 LIMIT 1   [ RunTime:0.0000s ]
SQL: SHOW COLUMNS FROM `movesay_config` [ RunTime:0.0030s ]
SQL: SELECT * FROM `movesay_config` WHERE `id` = 1 LIMIT 1   [ RunTime:0.0010s ]
NOTIC: [8] Undefined index: qijianke D:\workfile\btc_fujian2\Application\Home\Controller\HomeController.class.php 第 49 行.
SQL: SHOW COLUMNS FROM `movesay_coin` [ RunTime:0.0030s ]
SQL: SELECT * FROM `movesay_coin` WHERE `status` = 1  [ RunTime:0.0010s ]
SQL: SHOW COLUMNS FROM `movesay_market` [ RunTime:0.0020s ]
SQL: SELECT * FROM `movesay_market` WHERE `status` = 1  [ RunTime:0.0000s ]
SQL: SHOW COLUMNS FROM `movesay_daohang` [ RunTime:0.0030s ]
SQL: SELECT * FROM `movesay_daohang` WHERE `status` = 1 ORDER BY sort asc  [ RunTime:0.0000s ]
SQL: SHOW COLUMNS FROM `movesay_article_type` [ RunTime:0.0020s ]
SQL: SELECT * FROM `movesay_article_type` WHERE `status` = 1 AND `footer` = 1 AND `shang` = '' ORDER BY sort asc ,id desc LIMIT 3   [ RunTime:0.0010s ]
SQL: SHOW COLUMNS FROM `movesay_article` [ RunTime:0.0030s ]
SQL: SELECT `id`,`title` FROM `movesay_article` WHERE `footer` = 1 AND `status` = 1 ORDER BY id asc LIMIT 4   [ RunTime:0.0000s ]
SQL: SELECT `id`,`title` FROM `movesay_article` WHERE `footer` = 1 AND `status` = 1 ORDER BY id asc LIMIT 4   [ RunTime:0.0000s ]
SQL: SELECT `id`,`title` FROM `movesay_article` WHERE `footer` = 1 AND `status` = 1 ORDER BY id asc LIMIT 4   [ RunTime:0.0000s ]
SQL: SELECT * FROM `movesay_user_coin` WHERE `userid` = 94 LIMIT 1   [ RunTime:0.0000s ]

[ 2017-01-18T09:56:24+08:00 ] 127.0.0.1 /Ajax/getDepth?market=ftc_cny&trade_moshi=1&t=0.7396620736713662
INFO: [ app_init ] --START--
INFO: Run Behavior\BuildLiteBehavior [ RunTime:0.000000s ]
INFO: [ app_init ] --END-- [ RunTime:0.003001s ]
INFO: [ app_begin ] --START--
INFO: Run Behavior\ReadHtmlCacheBehavior [ RunTime:0.000000s ]
INFO: Run Behavior\CheckLangBehavior [ RunTime:0.003000s ]
INFO: [ app_begin ] --END-- [ RunTime:0.003000s ]
SQL: SHOW COLUMNS FROM `movesay_user` [ RunTime:0.0030s ]
SQL: SELECT * FROM `movesay_user` WHERE ( id = 94 ) LIMIT 1   [ RunTime:0.0010s ]
SQL: SHOW COLUMNS FROM `movesay_user_coin` [ RunTime:0.0030s ]
SQL: SELECT * FROM `movesay_user_coin` WHERE `userid` = 94 LIMIT 1   [ RunTime:0.0010s ]
SQL: SHOW COLUMNS FROM `movesay_config` [ RunTime:0.0030s ]
SQL: SELECT * FROM `movesay_config` WHERE `id` = 1 LIMIT 1   [ RunTime:0.0010s ]
NOTIC: [8] Undefined index: qijianke D:\workfile\btc_fujian2\Application\Home\Controller\HomeController.class.php 第 49 行.
SQL: SHOW COLUMNS FROM `movesay_coin` [ RunTime:0.0020s ]
SQL: SELECT * FROM `movesay_coin` WHERE `status` = 1  [ RunTime:0.0010s ]
SQL: SHOW COLUMNS FROM `movesay_market` [ RunTime:0.0020s ]
SQL: SELECT * FROM `movesay_market` WHERE `status` = 1  [ RunTime:0.0010s ]
SQL: SHOW COLUMNS FROM `movesay_daohang` [ RunTime:0.0030s ]
SQL: SELECT * FROM `movesay_daohang` WHERE `status` = 1 ORDER BY sort asc  [ RunTime:0.0010s ]
SQL: SHOW COLUMNS FROM `movesay_article_type` [ RunTime:0.0030s ]
SQL: SELECT * FROM `movesay_article_type` WHERE `status` = 1 AND `footer` = 1 AND `shang` = '' ORDER BY sort asc ,id desc LIMIT 3   [ RunTime:0.0010s ]
SQL: SHOW COLUMNS FROM `movesay_article` [ RunTime:0.0020s ]
SQL: SELECT `id`,`title` FROM `movesay_article` WHERE `footer` = 1 AND `status` = 1 ORDER BY id asc LIMIT 4   [ RunTime:0.0000s ]
SQL: SELECT `id`,`title` FROM `movesay_article` WHERE `footer` = 1 AND `status` = 1 ORDER BY id asc LIMIT 4   [ RunTime:0.0000s ]
SQL: SELECT `id`,`title` FROM `movesay_article` WHERE `footer` = 1 AND `status` = 1 ORDER BY id asc LIMIT 4   [ RunTime:0.0000s ]
SQL: select id,price,sum(num-deal)as nums from movesay_trade where status=0 and type=1 and market ='ftc_cny' group by price order by price desc limit 12; [ RunTime:0.0000s ]
SQL: select id,price,sum(num-deal)as nums from movesay_trade where status=0 and type=2 and market ='ftc_cny' group by price order by price asc limit 12; [ RunTime:0.0010s ]

[ 2017-01-18T09:56:24+08:00 ] 127.0.0.1 /Ajax/getJsonTop?market=ftc_cny&t=0.972732770474007
INFO: [ app_init ] --START--
INFO: Run Behavior\BuildLiteBehavior [ RunTime:0.000000s ]
INFO: [ app_init ] --END-- [ RunTime:0.003001s ]
INFO: [ app_begin ] --START--
INFO: Run Behavior\ReadHtmlCacheBehavior [ RunTime:0.000000s ]
INFO: Run Behavior\CheckLangBehavior [ RunTime:0.003000s ]
INFO: [ app_begin ] --END-- [ RunTime:0.004000s ]
SQL: SHOW COLUMNS FROM `movesay_user` [ RunTime:0.0020s ]
SQL: SELECT * FROM `movesay_user` WHERE ( id = 94 ) LIMIT 1   [ RunTime:0.0000s ]
SQL: SHOW COLUMNS FROM `movesay_user_coin` [ RunTime:0.0020s ]
SQL: SELECT * FROM `movesay_user_coin` WHERE `userid` = 94 LIMIT 1   [ RunTime:0.0000s ]
SQL: SHOW COLUMNS FROM `movesay_config` [ RunTime:0.0030s ]
SQL: SELECT * FROM `movesay_config` WHERE `id` = 1 LIMIT 1   [ RunTime:0.0010s ]
NOTIC: [8] Undefined index: qijianke D:\workfile\btc_fujian2\Application\Home\Controller\HomeController.class.php 第 49 行.
SQL: SHOW COLUMNS FROM `movesay_coin` [ RunTime:0.0030s ]
SQL: SELECT * FROM `movesay_coin` WHERE `status` = 1  [ RunTime:0.0010s ]
SQL: SHOW COLUMNS FROM `movesay_market` [ RunTime:0.0020s ]
SQL: SELECT * FROM `movesay_market` WHERE `status` = 1  [ RunTime:0.0000s ]
SQL: SHOW COLUMNS FROM `movesay_daohang` [ RunTime:0.0020s ]
SQL: SELECT * FROM `movesay_daohang` WHERE `status` = 1 ORDER BY sort asc  [ RunTime:0.0000s ]
SQL: SHOW COLUMNS FROM `movesay_article_type` [ RunTime:0.0030s ]
SQL: SELECT * FROM `movesay_article_type` WHERE `status` = 1 AND `footer` = 1 AND `shang` = '' ORDER BY sort asc ,id desc LIMIT 3   [ RunTime:0.0000s ]
SQL: SHOW COLUMNS FROM `movesay_article` [ RunTime:0.0020s ]
SQL: SELECT `id`,`title` FROM `movesay_article` WHERE `footer` = 1 AND `status` = 1 ORDER BY id asc LIMIT 4   [ RunTime:0.0000s ]
SQL: SELECT `id`,`title` FROM `movesay_article` WHERE `footer` = 1 AND `status` = 1 ORDER BY id asc LIMIT 4   [ RunTime:0.0000s ]
SQL: SELECT `id`,`title` FROM `movesay_article` WHERE `footer` = 1 AND `status` = 1 ORDER BY id asc LIMIT 4   [ RunTime:0.0000s ]

[ 2017-01-18T09:56:24+08:00 ] 127.0.0.1 /Ajax/getTradelog?market=ftc_cny&t=0.6613502993311209
INFO: [ app_init ] --START--
INFO: Run Behavior\BuildLiteBehavior [ RunTime:0.000000s ]
INFO: [ app_init ] --END-- [ RunTime:0.003000s ]
INFO: [ app_begin ] --START--
INFO: Run Behavior\ReadHtmlCacheBehavior [ RunTime:0.000000s ]
INFO: Run Behavior\CheckLangBehavior [ RunTime:0.003000s ]
INFO: [ app_begin ] --END-- [ RunTime:0.003000s ]
SQL: SHOW COLUMNS FROM `movesay_user` [ RunTime:0.0030s ]
SQL: SELECT * FROM `movesay_user` WHERE ( id = 94 ) LIMIT 1   [ RunTime:0.0000s ]
SQL: SHOW COLUMNS FROM `movesay_user_coin` [ RunTime:0.0030s ]
SQL: SELECT * FROM `movesay_user_coin` WHERE `userid` = 94 LIMIT 1   [ RunTime:0.0010s ]
SQL: SHOW COLUMNS FROM `movesay_config` [ RunTime:0.0020s ]
SQL: SELECT * FROM `movesay_config` WHERE `id` = 1 LIMIT 1   [ RunTime:0.0000s ]
NOTIC: [8] Undefined index: qijianke D:\workfile\btc_fujian2\Application\Home\Controller\HomeController.class.php 第 49 行.
SQL: SHOW COLUMNS FROM `movesay_coin` [ RunTime:0.0020s ]
SQL: SELECT * FROM `movesay_coin` WHERE `status` = 1  [ RunTime:0.0010s ]
SQL: SHOW COLUMNS FROM `movesay_market` [ RunTime:0.0020s ]
SQL: SELECT * FROM `movesay_market` WHERE `status` = 1  [ RunTime:0.0010s ]
SQL: SHOW COLUMNS FROM `movesay_daohang` [ RunTime:0.0020s ]
SQL: SELECT * FROM `movesay_daohang` WHERE `status` = 1 ORDER BY sort asc  [ RunTime:0.0000s ]
SQL: SHOW COLUMNS FROM `movesay_article_type` [ RunTime:0.0020s ]
SQL: SELECT * FROM `movesay_article_type` WHERE `status` = 1 AND `footer` = 1 AND `shang` = '' ORDER BY sort asc ,id desc LIMIT 3   [ RunTime:0.0000s ]
SQL: SHOW COLUMNS FROM `movesay_article` [ RunTime:0.0020s ]
SQL: SELECT `id`,`title` FROM `movesay_article` WHERE `footer` = 1 AND `status` = 1 ORDER BY id asc LIMIT 4   [ RunTime:0.0000s ]
SQL: SELECT `id`,`title` FROM `movesay_article` WHERE `footer` = 1 AND `status` = 1 ORDER BY id asc LIMIT 4   [ RunTime:0.0000s ]
SQL: SELECT `id`,`title` FROM `movesay_article` WHERE `footer` = 1 AND `status` = 1 ORDER BY id asc LIMIT 4   [ RunTime:0.0000s ]
SQL: SHOW COLUMNS FROM `movesay_trade_log` [ RunTime:0.0020s ]
SQL: SELECT * FROM `movesay_trade_log` WHERE `status` = 1 AND `market` = 'ftc_cny' ORDER BY id desc LIMIT 50   [ RunTime:0.0010s ]

[ 2017-01-18T09:56:26+08:00 ] 127.0.0.1 /Chart/getMarketOrdinaryJson?market=ftc_cny&time=5&t=1484704586476
INFO: [ app_init ] --START--
INFO: Run Behavior\BuildLiteBehavior [ RunTime:0.000000s ]
INFO: [ app_init ] --END-- [ RunTime:0.003000s ]
INFO: [ app_begin ] --START--
INFO: Run Behavior\ReadHtmlCacheBehavior [ RunTime:0.001000s ]
INFO: Run Behavior\CheckLangBehavior [ RunTime:0.002000s ]
INFO: [ app_begin ] --END-- [ RunTime:0.003000s ]
SQL: SHOW COLUMNS FROM `movesay_user` [ RunTime:0.0030s ]
SQL: SELECT * FROM `movesay_user` WHERE ( id = 94 ) LIMIT 1   [ RunTime:0.0010s ]
SQL: SHOW COLUMNS FROM `movesay_user_coin` [ RunTime:0.0020s ]
SQL: SELECT * FROM `movesay_user_coin` WHERE `userid` = 94 LIMIT 1   [ RunTime:0.0000s ]
SQL: SHOW COLUMNS FROM `movesay_config` [ RunTime:0.0030s ]
SQL: SELECT * FROM `movesay_config` WHERE `id` = 1 LIMIT 1   [ RunTime:0.0000s ]
NOTIC: [8] Undefined index: qijianke D:\workfile\btc_fujian2\Application\Home\Controller\HomeController.class.php 第 49 行.
SQL: SHOW COLUMNS FROM `movesay_coin` [ RunTime:0.0020s ]
SQL: SELECT * FROM `movesay_coin` WHERE `status` = 1  [ RunTime:0.0000s ]
SQL: SHOW COLUMNS FROM `movesay_market` [ RunTime:0.0030s ]
SQL: SELECT * FROM `movesay_market` WHERE `status` = 1  [ RunTime:0.0010s ]
SQL: SHOW COLUMNS FROM `movesay_daohang` [ RunTime:0.0020s ]
SQL: SELECT * FROM `movesay_daohang` WHERE `status` = 1 ORDER BY sort asc  [ RunTime:0.0010s ]
SQL: SHOW COLUMNS FROM `movesay_article_type` [ RunTime:0.0030s ]
SQL: SELECT * FROM `movesay_article_type` WHERE `status` = 1 AND `footer` = 1 AND `shang` = '' ORDER BY sort asc ,id desc LIMIT 3   [ RunTime:0.0010s ]
SQL: SHOW COLUMNS FROM `movesay_article` [ RunTime:0.0030s ]
SQL: SELECT `id`,`title` FROM `movesay_article` WHERE `footer` = 1 AND `status` = 1 ORDER BY id asc LIMIT 4   [ RunTime:0.0000s ]
SQL: SELECT `id`,`title` FROM `movesay_article` WHERE `footer` = 1 AND `status` = 1 ORDER BY id asc LIMIT 4   [ RunTime:0.0010s ]
SQL: SELECT `id`,`title` FROM `movesay_article` WHERE `footer` = 1 AND `status` = 1 ORDER BY id asc LIMIT 4   [ RunTime:0.0000s ]
SQL: SHOW COLUMNS FROM `movesay_trade_json` [ RunTime:0.0030s ]
SQL: SELECT * FROM `movesay_trade_json` WHERE `market` = 'ftc_cny' AND `type` = '5' AND `data` <> '' ORDER BY id desc LIMIT 100   [ RunTime:0.0010s ]

[ 2017-01-18T09:56:29+08:00 ] 127.0.0.1 /Ajax/allfinance?t=0.11813546598322322
INFO: [ app_init ] --START--
INFO: Run Behavior\BuildLiteBehavior [ RunTime:0.000000s ]
INFO: [ app_init ] --END-- [ RunTime:0.002000s ]
INFO: [ app_begin ] --START--
INFO: Run Behavior\ReadHtmlCacheBehavior [ RunTime:0.000000s ]
INFO: Run Behavior\CheckLangBehavior [ RunTime:0.002000s ]
INFO: [ app_begin ] --END-- [ RunTime:0.002000s ]
SQL: SHOW COLUMNS FROM `movesay_user` [ RunTime:0.0020s ]
SQL: SELECT * FROM `movesay_user` WHERE ( id = 94 ) LIMIT 1   [ RunTime:0.0000s ]
SQL: SHOW COLUMNS FROM `movesay_user_coin` [ RunTime:0.0030s ]
SQL: SELECT * FROM `movesay_user_coin` WHERE `userid` = 94 LIMIT 1   [ RunTime:0.0000s ]
SQL: SHOW COLUMNS FROM `movesay_config` [ RunTime:0.0030s ]
SQL: SELECT * FROM `movesay_config` WHERE `id` = 1 LIMIT 1   [ RunTime:0.0000s ]
NOTIC: [8] Undefined index: qijianke D:\workfile\btc_fujian2\Application\Home\Controller\HomeController.class.php 第 49 行.
SQL: SHOW COLUMNS FROM `movesay_coin` [ RunTime:0.0030s ]
SQL: SELECT * FROM `movesay_coin` WHERE `status` = 1  [ RunTime:0.0010s ]
SQL: SHOW COLUMNS FROM `movesay_market` [ RunTime:0.0030s ]
SQL: SELECT * FROM `movesay_market` WHERE `status` = 1  [ RunTime:0.0000s ]
SQL: SHOW COLUMNS FROM `movesay_daohang` [ RunTime:0.0020s ]
SQL: SELECT * FROM `movesay_daohang` WHERE `status` = 1 ORDER BY sort asc  [ RunTime:0.0010s ]
SQL: SHOW COLUMNS FROM `movesay_article_type` [ RunTime:0.0030s ]
SQL: SELECT * FROM `movesay_article_type` WHERE `status` = 1 AND `footer` = 1 AND `shang` = '' ORDER BY sort asc ,id desc LIMIT 3   [ RunTime:0.0000s ]
SQL: SHOW COLUMNS FROM `movesay_article` [ RunTime:0.0020s ]
SQL: SELECT `id`,`title` FROM `movesay_article` WHERE `footer` = 1 AND `status` = 1 ORDER BY id asc LIMIT 4   [ RunTime:0.0000s ]
SQL: SELECT `id`,`title` FROM `movesay_article` WHERE `footer` = 1 AND `status` = 1 ORDER BY id asc LIMIT 4   [ RunTime:0.0000s ]
SQL: SELECT `id`,`title` FROM `movesay_article` WHERE `footer` = 1 AND `status` = 1 ORDER BY id asc LIMIT 4   [ RunTime:0.0010s ]
SQL: SELECT * FROM `movesay_user_coin` WHERE `userid` = 94 LIMIT 1   [ RunTime:0.0000s ]

[ 2017-01-18T09:56:29+08:00 ] 127.0.0.1 /Ajax/getEntrustAndUsercoin?market=ftc_cny&t=0.6202338109123349
INFO: [ app_init ] --START--
INFO: Run Behavior\BuildLiteBehavior [ RunTime:0.000000s ]
INFO: [ app_init ] --END-- [ RunTime:0.002000s ]
INFO: [ app_begin ] --START--
INFO: Run Behavior\ReadHtmlCacheBehavior [ RunTime:0.000000s ]
INFO: Run Behavior\CheckLangBehavior [ RunTime:0.003000s ]
INFO: [ app_begin ] --END-- [ RunTime:0.003000s ]
SQL: SHOW COLUMNS FROM `movesay_user` [ RunTime:0.0030s ]
SQL: SELECT * FROM `movesay_user` WHERE ( id = 94 ) LIMIT 1   [ RunTime:0.0000s ]
SQL: SHOW COLUMNS FROM `movesay_user_coin` [ RunTime:0.0020s ]
SQL: SELECT * FROM `movesay_user_coin` WHERE `userid` = 94 LIMIT 1   [ RunTime:0.0000s ]
SQL: SHOW COLUMNS FROM `movesay_config` [ RunTime:0.0030s ]
SQL: SELECT * FROM `movesay_config` WHERE `id` = 1 LIMIT 1   [ RunTime:0.0000s ]
NOTIC: [8] Undefined index: qijianke D:\workfile\btc_fujian2\Application\Home\Controller\HomeController.class.php 第 49 行.
SQL: SHOW COLUMNS FROM `movesay_coin` [ RunTime:0.0030s ]
SQL: SELECT * FROM `movesay_coin` WHERE `status` = 1  [ RunTime:0.0010s ]
SQL: SHOW COLUMNS FROM `movesay_market` [ RunTime:0.0020s ]
SQL: SELECT * FROM `movesay_market` WHERE `status` = 1  [ RunTime:0.0000s ]
SQL: SHOW COLUMNS FROM `movesay_daohang` [ RunTime:0.0020s ]
SQL: SELECT * FROM `movesay_daohang` WHERE `status` = 1 ORDER BY sort asc  [ RunTime:0.0000s ]
SQL: SHOW COLUMNS FROM `movesay_article_type` [ RunTime:0.0030s ]
SQL: SELECT * FROM `movesay_article_type` WHERE `status` = 1 AND `footer` = 1 AND `shang` = '' ORDER BY sort asc ,id desc LIMIT 3   [ RunTime:0.0000s ]
SQL: SHOW COLUMNS FROM `movesay_article` [ RunTime:0.0030s ]
SQL: SELECT `id`,`title` FROM `movesay_article` WHERE `footer` = 1 AND `status` = 1 ORDER BY id asc LIMIT 4   [ RunTime:0.0000s ]
SQL: SELECT `id`,`title` FROM `movesay_article` WHERE `footer` = 1 AND `status` = 1 ORDER BY id asc LIMIT 4   [ RunTime:0.0000s ]
SQL: SELECT `id`,`title` FROM `movesay_article` WHERE `footer` = 1 AND `status` = 1 ORDER BY id asc LIMIT 4   [ RunTime:0.0000s ]
SQL: select id,price,num,deal,mum,type,fee,status,addtime from movesay_trade where status=0 and market='ftc_cny' and userid=94 order by id desc limit 10; [ RunTime:0.0030s ]
SQL: SELECT * FROM `movesay_user_coin` WHERE `userid` = 94 LIMIT 1   [ RunTime:0.0000s ]

[ 2017-01-18T09:56:30+08:00 ] 127.0.0.1 /Ajax/getJsonTop?market=ftc_cny&t=0.4352604223337564
INFO: [ app_init ] --START--
INFO: Run Behavior\BuildLiteBehavior [ RunTime:0.000000s ]
INFO: [ app_init ] --END-- [ RunTime:0.005000s ]
INFO: [ app_begin ] --START--
INFO: Run Behavior\ReadHtmlCacheBehavior [ RunTime:0.001000s ]
INFO: Run Behavior\CheckLangBehavior [ RunTime:0.003000s ]
INFO: [ app_begin ] --END-- [ RunTime:0.004000s ]
SQL: SHOW COLUMNS FROM `movesay_user` [ RunTime:0.0030s ]
SQL: SELECT * FROM `movesay_user` WHERE ( id = 94 ) LIMIT 1   [ RunTime:0.0000s ]
SQL: SHOW COLUMNS FROM `movesay_user_coin` [ RunTime:0.0040s ]
SQL: SELECT * FROM `movesay_user_coin` WHERE `userid` = 94 LIMIT 1   [ RunTime:0.0010s ]
SQL: SHOW COLUMNS FROM `movesay_config` [ RunTime:0.0030s ]
SQL: SELECT * FROM `movesay_config` WHERE `id` = 1 LIMIT 1   [ RunTime:0.0010s ]
NOTIC: [8] Undefined index: qijianke D:\workfile\btc_fujian2\Application\Home\Controller\HomeController.class.php 第 49 行.
SQL: SHOW COLUMNS FROM `movesay_coin` [ RunTime:0.0030s ]
SQL: SELECT * FROM `movesay_coin` WHERE `status` = 1  [ RunTime:0.0010s ]
SQL: SHOW COLUMNS FROM `movesay_market` [ RunTime:0.0020s ]
SQL: SELECT * FROM `movesay_market` WHERE `status` = 1  [ RunTime:0.0000s ]
SQL: SHOW COLUMNS FROM `movesay_daohang` [ RunTime:0.0030s ]
SQL: SELECT * FROM `movesay_daohang` WHERE `status` = 1 ORDER BY sort asc  [ RunTime:0.0000s ]
SQL: SHOW COLUMNS FROM `movesay_article_type` [ RunTime:0.0030s ]
SQL: SELECT * FROM `movesay_article_type` WHERE `status` = 1 AND `footer` = 1 AND `shang` = '' ORDER BY sort asc ,id desc LIMIT 3   [ RunTime:0.0000s ]
SQL: SHOW COLUMNS FROM `movesay_article` [ RunTime:0.0020s ]
SQL: SELECT `id`,`title` FROM `movesay_article` WHERE `footer` = 1 AND `status` = 1 ORDER BY id asc LIMIT 4   [ RunTime:0.0010s ]
SQL: SELECT `id`,`title` FROM `movesay_article` WHERE `footer` = 1 AND `status` = 1 ORDER BY id asc LIMIT 4   [ RunTime:0.0000s ]
SQL: SELECT `id`,`title` FROM `movesay_article` WHERE `footer` = 1 AND `status` = 1 ORDER BY id asc LIMIT 4   [ RunTime:0.0000s ]

[ 2017-01-18T09:56:30+08:00 ] 127.0.0.1 /Ajax/getTradelog?market=ftc_cny&t=0.3828932096410065
INFO: [ app_init ] --START--
INFO: Run Behavior\BuildLiteBehavior [ RunTime:0.000000s ]
INFO: [ app_init ] --END-- [ RunTime:0.005000s ]
INFO: [ app_begin ] --START--
INFO: Run Behavior\ReadHtmlCacheBehavior [ RunTime:0.001000s ]
INFO: Run Behavior\CheckLangBehavior [ RunTime:0.004000s ]
INFO: [ app_begin ] --END-- [ RunTime:0.005000s ]
SQL: SHOW COLUMNS FROM `movesay_user` [ RunTime:0.0030s ]
SQL: SELECT * FROM `movesay_user` WHERE ( id = 94 ) LIMIT 1   [ RunTime:0.0010s ]
SQL: SHOW COLUMNS FROM `movesay_user_coin` [ RunTime:0.0020s ]
SQL: SELECT * FROM `movesay_user_coin` WHERE `userid` = 94 LIMIT 1   [ RunTime:0.0010s ]
SQL: SHOW COLUMNS FROM `movesay_config` [ RunTime:0.0030s ]
SQL: SELECT * FROM `movesay_config` WHERE `id` = 1 LIMIT 1   [ RunTime:0.0010s ]
NOTIC: [8] Undefined index: qijianke D:\workfile\btc_fujian2\Application\Home\Controller\HomeController.class.php 第 49 行.
SQL: SHOW COLUMNS FROM `movesay_coin` [ RunTime:0.0030s ]
SQL: SELECT * FROM `movesay_coin` WHERE `status` = 1  [ RunTime:0.0010s ]
SQL: SHOW COLUMNS FROM `movesay_market` [ RunTime:0.0030s ]
SQL: SELECT * FROM `movesay_market` WHERE `status` = 1  [ RunTime:0.0010s ]
SQL: SHOW COLUMNS FROM `movesay_daohang` [ RunTime:0.0020s ]
SQL: SELECT * FROM `movesay_daohang` WHERE `status` = 1 ORDER BY sort asc  [ RunTime:0.0010s ]
SQL: SHOW COLUMNS FROM `movesay_article_type` [ RunTime:0.0020s ]
SQL: SELECT * FROM `movesay_article_type` WHERE `status` = 1 AND `footer` = 1 AND `shang` = '' ORDER BY sort asc ,id desc LIMIT 3   [ RunTime:0.0000s ]
SQL: SHOW COLUMNS FROM `movesay_article` [ RunTime:0.0020s ]
SQL: SELECT `id`,`title` FROM `movesay_article` WHERE `footer` = 1 AND `status` = 1 ORDER BY id asc LIMIT 4   [ RunTime:0.0010s ]
SQL: SELECT `id`,`title` FROM `movesay_article` WHERE `footer` = 1 AND `status` = 1 ORDER BY id asc LIMIT 4   [ RunTime:0.0000s ]
SQL: SELECT `id`,`title` FROM `movesay_article` WHERE `footer` = 1 AND `status` = 1 ORDER BY id asc LIMIT 4   [ RunTime:0.0000s ]
SQL: SHOW COLUMNS FROM `movesay_trade_log` [ RunTime:0.0020s ]
SQL: SELECT * FROM `movesay_trade_log` WHERE `status` = 1 AND `market` = 'ftc_cny' ORDER BY id desc LIMIT 50   [ RunTime:0.0010s ]

[ 2017-01-18T09:56:31+08:00 ] 127.0.0.1 /Ajax/getDepth?market=ftc_cny&trade_moshi=1&t=0.8572663458239154
INFO: [ app_init ] --START--
INFO: Run Behavior\BuildLiteBehavior [ RunTime:0.000000s ]
INFO: [ app_init ] --END-- [ RunTime:0.002000s ]
INFO: [ app_begin ] --START--
INFO: Run Behavior\ReadHtmlCacheBehavior [ RunTime:0.000000s ]
INFO: Run Behavior\CheckLangBehavior [ RunTime:0.002000s ]
INFO: [ app_begin ] --END-- [ RunTime:0.002000s ]
SQL: SHOW COLUMNS FROM `movesay_user` [ RunTime:0.0020s ]
SQL: SELECT * FROM `movesay_user` WHERE ( id = 94 ) LIMIT 1   [ RunTime:0.0000s ]
SQL: SHOW COLUMNS FROM `movesay_user_coin` [ RunTime:0.0030s ]
SQL: SELECT * FROM `movesay_user_coin` WHERE `userid` = 94 LIMIT 1   [ RunTime:0.0000s ]
SQL: SHOW COLUMNS FROM `movesay_config` [ RunTime:0.0030s ]
SQL: SELECT * FROM `movesay_config` WHERE `id` = 1 LIMIT 1   [ RunTime:0.0010s ]
NOTIC: [8] Undefined index: qijianke D:\workfile\btc_fujian2\Application\Home\Controller\HomeController.class.php 第 49 行.
SQL: SHOW COLUMNS FROM `movesay_coin` [ RunTime:0.0020s ]
SQL: SELECT * FROM `movesay_coin` WHERE `status` = 1  [ RunTime:0.0000s ]
SQL: SHOW COLUMNS FROM `movesay_market` [ RunTime:0.0030s ]
SQL: SELECT * FROM `movesay_market` WHERE `status` = 1  [ RunTime:0.0010s ]
SQL: SHOW COLUMNS FROM `movesay_daohang` [ RunTime:0.0040s ]
SQL: SELECT * FROM `movesay_daohang` WHERE `status` = 1 ORDER BY sort asc  [ RunTime:0.0000s ]
SQL: SHOW COLUMNS FROM `movesay_article_type` [ RunTime:0.0020s ]
SQL: SELECT * FROM `movesay_article_type` WHERE `status` = 1 AND `footer` = 1 AND `shang` = '' ORDER BY sort asc ,id desc LIMIT 3   [ RunTime:0.0020s ]
SQL: SHOW COLUMNS FROM `movesay_article` [ RunTime:0.0030s ]
SQL: SELECT `id`,`title` FROM `movesay_article` WHERE `footer` = 1 AND `status` = 1 ORDER BY id asc LIMIT 4   [ RunTime:0.0000s ]
SQL: SELECT `id`,`title` FROM `movesay_article` WHERE `footer` = 1 AND `status` = 1 ORDER BY id asc LIMIT 4   [ RunTime:0.0000s ]
SQL: SELECT `id`,`title` FROM `movesay_article` WHERE `footer` = 1 AND `status` = 1 ORDER BY id asc LIMIT 4   [ RunTime:0.0000s ]
SQL: select id,price,sum(num-deal)as nums from movesay_trade where status=0 and type=1 and market ='ftc_cny' group by price order by price desc limit 12; [ RunTime:0.0010s ]
SQL: select id,price,sum(num-deal)as nums from movesay_trade where status=0 and type=2 and market ='ftc_cny' group by price order by price asc limit 12; [ RunTime:0.0000s ]

[ 2017-01-18T09:56:34+08:00 ] 127.0.0.1 /Chart/getMarketOrdinaryJson?market=ftc_cny&time=5&t=1484704594477
INFO: [ app_init ] --START--
INFO: Run Behavior\BuildLiteBehavior [ RunTime:0.000000s ]
INFO: [ app_init ] --END-- [ RunTime:0.003000s ]
INFO: [ app_begin ] --START--
INFO: Run Behavior\ReadHtmlCacheBehavior [ RunTime:0.001000s ]
INFO: Run Behavior\CheckLangBehavior [ RunTime:0.002000s ]
INFO: [ app_begin ] --END-- [ RunTime:0.003000s ]
SQL: SHOW COLUMNS FROM `movesay_user` [ RunTime:0.0020s ]
SQL: SELECT * FROM `movesay_user` WHERE ( id = 94 ) LIMIT 1   [ RunTime:0.0000s ]
SQL: SHOW COLUMNS FROM `movesay_user_coin` [ RunTime:0.0020s ]
SQL: SELECT * FROM `movesay_user_coin` WHERE `userid` = 94 LIMIT 1   [ RunTime:0.0000s ]
SQL: SHOW COLUMNS FROM `movesay_config` [ RunTime:0.0030s ]
SQL: SELECT * FROM `movesay_config` WHERE `id` = 1 LIMIT 1   [ RunTime:0.0010s ]
NOTIC: [8] Undefined index: qijianke D:\workfile\btc_fujian2\Application\Home\Controller\HomeController.class.php 第 49 行.
SQL: SHOW COLUMNS FROM `movesay_coin` [ RunTime:0.0030s ]
SQL: SELECT * FROM `movesay_coin` WHERE `status` = 1  [ RunTime:0.0010s ]
SQL: SHOW COLUMNS FROM `movesay_market` [ RunTime:0.0020s ]
SQL: SELECT * FROM `movesay_market` WHERE `status` = 1  [ RunTime:0.0010s ]
SQL: SHOW COLUMNS FROM `movesay_daohang` [ RunTime:0.0020s ]
SQL: SELECT * FROM `movesay_daohang` WHERE `status` = 1 ORDER BY sort asc  [ RunTime:0.0010s ]
SQL: SHOW COLUMNS FROM `movesay_article_type` [ RunTime:0.0030s ]
SQL: SELECT * FROM `movesay_article_type` WHERE `status` = 1 AND `footer` = 1 AND `shang` = '' ORDER BY sort asc ,id desc LIMIT 3   [ RunTime:0.0000s ]
SQL: SHOW COLUMNS FROM `movesay_article` [ RunTime:0.0020s ]
SQL: SELECT `id`,`title` FROM `movesay_article` WHERE `footer` = 1 AND `status` = 1 ORDER BY id asc LIMIT 4   [ RunTime:0.0010s ]
SQL: SELECT `id`,`title` FROM `movesay_article` WHERE `footer` = 1 AND `status` = 1 ORDER BY id asc LIMIT 4   [ RunTime:0.0010s ]
SQL: SELECT `id`,`title` FROM `movesay_article` WHERE `footer` = 1 AND `status` = 1 ORDER BY id asc LIMIT 4   [ RunTime:0.0000s ]
SQL: SHOW COLUMNS FROM `movesay_trade_json` [ RunTime:0.0030s ]
SQL: SELECT * FROM `movesay_trade_json` WHERE `market` = 'ftc_cny' AND `type` = '5' AND `data` <> '' ORDER BY id desc LIMIT 100   [ RunTime:0.0010s ]

[ 2017-01-18T09:56:35+08:00 ] 127.0.0.1 /Ajax/getEntrustAndUsercoin?market=ftc_cny&t=0.10659144799628528
INFO: [ app_init ] --START--
INFO: Run Behavior\BuildLiteBehavior [ RunTime:0.000000s ]
INFO: [ app_init ] --END-- [ RunTime:0.003000s ]
INFO: [ app_begin ] --START--
INFO: Run Behavior\ReadHtmlCacheBehavior [ RunTime:0.000000s ]
INFO: Run Behavior\CheckLangBehavior [ RunTime:0.003000s ]
INFO: [ app_begin ] --END-- [ RunTime:0.003000s ]
SQL: SHOW COLUMNS FROM `movesay_user` [ RunTime:0.0050s ]
SQL: SELECT * FROM `movesay_user` WHERE ( id = 94 ) LIMIT 1   [ RunTime:0.0010s ]
SQL: SHOW COLUMNS FROM `movesay_user_coin` [ RunTime:0.0030s ]
SQL: SELECT * FROM `movesay_user_coin` WHERE `userid` = 94 LIMIT 1   [ RunTime:0.0000s ]
SQL: SHOW COLUMNS FROM `movesay_config` [ RunTime:0.0040s ]
SQL: SELECT * FROM `movesay_config` WHERE `id` = 1 LIMIT 1   [ RunTime:0.0010s ]
NOTIC: [8] Undefined index: qijianke D:\workfile\btc_fujian2\Application\Home\Controller\HomeController.class.php 第 49 行.
SQL: SHOW COLUMNS FROM `movesay_coin` [ RunTime:0.0030s ]
SQL: SELECT * FROM `movesay_coin` WHERE `status` = 1  [ RunTime:0.0010s ]
SQL: SHOW COLUMNS FROM `movesay_market` [ RunTime:0.0050s ]
SQL: SELECT * FROM `movesay_market` WHERE `status` = 1  [ RunTime:0.0010s ]
SQL: SHOW COLUMNS FROM `movesay_daohang` [ RunTime:0.0020s ]
SQL: SELECT * FROM `movesay_daohang` WHERE `status` = 1 ORDER BY sort asc  [ RunTime:0.0000s ]
SQL: SHOW COLUMNS FROM `movesay_article_type` [ RunTime:0.0020s ]
SQL: SELECT * FROM `movesay_article_type` WHERE `status` = 1 AND `footer` = 1 AND `shang` = '' ORDER BY sort asc ,id desc LIMIT 3   [ RunTime:0.0000s ]
SQL: SHOW COLUMNS FROM `movesay_article` [ RunTime:0.0030s ]
SQL: SELECT `id`,`title` FROM `movesay_article` WHERE `footer` = 1 AND `status` = 1 ORDER BY id asc LIMIT 4   [ RunTime:0.0000s ]
SQL: SELECT `id`,`title` FROM `movesay_article` WHERE `footer` = 1 AND `status` = 1 ORDER BY id asc LIMIT 4   [ RunTime:0.0010s ]
SQL: SELECT `id`,`title` FROM `movesay_article` WHERE `footer` = 1 AND `status` = 1 ORDER BY id asc LIMIT 4   [ RunTime:0.0000s ]
SQL: select id,price,num,deal,mum,type,fee,status,addtime from movesay_trade where status=0 and market='ftc_cny' and userid=94 order by id desc limit 10; [ RunTime:0.0040s ]
SQL: SELECT * FROM `movesay_user_coin` WHERE `userid` = 94 LIMIT 1   [ RunTime:0.0010s ]

[ 2017-01-18T09:56:35+08:00 ] 127.0.0.1 /Ajax/allfinance?t=0.6288271690266873
INFO: [ app_init ] --START--
INFO: Run Behavior\BuildLiteBehavior [ RunTime:0.000000s ]
INFO: [ app_init ] --END-- [ RunTime:0.003000s ]
INFO: [ app_begin ] --START--
INFO: Run Behavior\ReadHtmlCacheBehavior [ RunTime:0.001000s ]
INFO: Run Behavior\CheckLangBehavior [ RunTime:0.002000s ]
INFO: [ app_begin ] --END-- [ RunTime:0.003000s ]
SQL: SHOW COLUMNS FROM `movesay_user` [ RunTime:0.0030s ]
SQL: SELECT * FROM `movesay_user` WHERE ( id = 94 ) LIMIT 1   [ RunTime:0.0000s ]
SQL: SHOW COLUMNS FROM `movesay_user_coin` [ RunTime:0.0030s ]
SQL: SELECT * FROM `movesay_user_coin` WHERE `userid` = 94 LIMIT 1   [ RunTime:0.0010s ]
SQL: SHOW COLUMNS FROM `movesay_config` [ RunTime:0.0030s ]
SQL: SELECT * FROM `movesay_config` WHERE `id` = 1 LIMIT 1   [ RunTime:0.0010s ]
NOTIC: [8] Undefined index: qijianke D:\workfile\btc_fujian2\Application\Home\Controller\HomeController.class.php 第 49 行.
SQL: SHOW COLUMNS FROM `movesay_coin` [ RunTime:0.0030s ]
SQL: SELECT * FROM `movesay_coin` WHERE `status` = 1  [ RunTime:0.0010s ]
SQL: SHOW COLUMNS FROM `movesay_market` [ RunTime:0.0030s ]
SQL: SELECT * FROM `movesay_market` WHERE `status` = 1  [ RunTime:0.0000s ]
SQL: SHOW COLUMNS FROM `movesay_daohang` [ RunTime:0.0030s ]
SQL: SELECT * FROM `movesay_daohang` WHERE `status` = 1 ORDER BY sort asc  [ RunTime:0.0000s ]
SQL: SHOW COLUMNS FROM `movesay_article_type` [ RunTime:0.0030s ]
SQL: SELECT * FROM `movesay_article_type` WHERE `status` = 1 AND `footer` = 1 AND `shang` = '' ORDER BY sort asc ,id desc LIMIT 3   [ RunTime:0.0010s ]
SQL: SHOW COLUMNS FROM `movesay_article` [ RunTime:0.0020s ]
SQL: SELECT `id`,`title` FROM `movesay_article` WHERE `footer` = 1 AND `status` = 1 ORDER BY id asc LIMIT 4   [ RunTime:0.0010s ]
SQL: SELECT `id`,`title` FROM `movesay_article` WHERE `footer` = 1 AND `status` = 1 ORDER BY id asc LIMIT 4   [ RunTime:0.0000s ]
SQL: SELECT `id`,`title` FROM `movesay_article` WHERE `footer` = 1 AND `status` = 1 ORDER BY id asc LIMIT 4   [ RunTime:0.0000s ]
SQL: SELECT * FROM `movesay_user_coin` WHERE `userid` = 94 LIMIT 1   [ RunTime:0.0000s ]

[ 2017-01-18T09:56:36+08:00 ] 127.0.0.1 /Ajax/getJsonTop?market=ftc_cny&t=0.6223858472068349
INFO: [ app_init ] --START--
INFO: Run Behavior\BuildLiteBehavior [ RunTime:0.000000s ]
INFO: [ app_init ] --END-- [ RunTime:0.005000s ]
INFO: [ app_begin ] --START--
INFO: Run Behavior\ReadHtmlCacheBehavior [ RunTime:0.001000s ]
INFO: Run Behavior\CheckLangBehavior [ RunTime:0.002001s ]
INFO: [ app_begin ] --END-- [ RunTime:0.004001s ]
SQL: SHOW COLUMNS FROM `movesay_user` [ RunTime:0.0020s ]
SQL: SELECT * FROM `movesay_user` WHERE ( id = 94 ) LIMIT 1   [ RunTime:0.0000s ]
SQL: SHOW COLUMNS FROM `movesay_user_coin` [ RunTime:0.0020s ]
SQL: SELECT * FROM `movesay_user_coin` WHERE `userid` = 94 LIMIT 1   [ RunTime:0.0000s ]
SQL: SHOW COLUMNS FROM `movesay_config` [ RunTime:0.0020s ]
SQL: SELECT * FROM `movesay_config` WHERE `id` = 1 LIMIT 1   [ RunTime:0.0000s ]
NOTIC: [8] Undefined index: qijianke D:\workfile\btc_fujian2\Application\Home\Controller\HomeController.class.php 第 49 行.
SQL: SHOW COLUMNS FROM `movesay_coin` [ RunTime:0.0030s ]
SQL: SELECT * FROM `movesay_coin` WHERE `status` = 1  [ RunTime:0.0010s ]
SQL: SHOW COLUMNS FROM `movesay_market` [ RunTime:0.0030s ]
SQL: SELECT * FROM `movesay_market` WHERE `status` = 1  [ RunTime:0.0000s ]
SQL: SHOW COLUMNS FROM `movesay_daohang` [ RunTime:0.0030s ]
SQL: SELECT * FROM `movesay_daohang` WHERE `status` = 1 ORDER BY sort asc  [ RunTime:0.0000s ]
SQL: SHOW COLUMNS FROM `movesay_article_type` [ RunTime:0.0020s ]
SQL: SELECT * FROM `movesay_article_type` WHERE `status` = 1 AND `footer` = 1 AND `shang` = '' ORDER BY sort asc ,id desc LIMIT 3   [ RunTime:0.0000s ]
SQL: SHOW COLUMNS FROM `movesay_article` [ RunTime:0.0030s ]
SQL: SELECT `id`,`title` FROM `movesay_article` WHERE `footer` = 1 AND `status` = 1 ORDER BY id asc LIMIT 4   [ RunTime:0.0000s ]
SQL: SELECT `id`,`title` FROM `movesay_article` WHERE `footer` = 1 AND `status` = 1 ORDER BY id asc LIMIT 4   [ RunTime:0.0000s ]
SQL: SELECT `id`,`title` FROM `movesay_article` WHERE `footer` = 1 AND `status` = 1 ORDER BY id asc LIMIT 4   [ RunTime:0.0000s ]

[ 2017-01-18T09:56:36+08:00 ] 127.0.0.1 /Ajax/getTradelog?market=ftc_cny&t=0.11633183108403888
INFO: [ app_init ] --START--
INFO: Run Behavior\BuildLiteBehavior [ RunTime:0.000000s ]
INFO: [ app_init ] --END-- [ RunTime:0.005000s ]
INFO: [ app_begin ] --START--
INFO: Run Behavior\ReadHtmlCacheBehavior [ RunTime:0.000000s ]
INFO: Run Behavior\CheckLangBehavior [ RunTime:0.002000s ]
INFO: [ app_begin ] --END-- [ RunTime:0.002000s ]
SQL: SHOW COLUMNS FROM `movesay_user` [ RunTime:0.0030s ]
SQL: SELECT * FROM `movesay_user` WHERE ( id = 94 ) LIMIT 1   [ RunTime:0.0000s ]
SQL: SHOW COLUMNS FROM `movesay_user_coin` [ RunTime:0.0030s ]
SQL: SELECT * FROM `movesay_user_coin` WHERE `userid` = 94 LIMIT 1   [ RunTime:0.0010s ]
SQL: SHOW COLUMNS FROM `movesay_config` [ RunTime:0.0020s ]
SQL: SELECT * FROM `movesay_config` WHERE `id` = 1 LIMIT 1   [ RunTime:0.0000s ]
NOTIC: [8] Undefined index: qijianke D:\workfile\btc_fujian2\Application\Home\Controller\HomeController.class.php 第 49 行.
SQL: SHOW COLUMNS FROM `movesay_coin` [ RunTime:0.0020s ]
SQL: SELECT * FROM `movesay_coin` WHERE `status` = 1  [ RunTime:0.0000s ]
SQL: SHOW COLUMNS FROM `movesay_market` [ RunTime:0.0020s ]
SQL: SELECT * FROM `movesay_market` WHERE `status` = 1  [ RunTime:0.0000s ]
SQL: SHOW COLUMNS FROM `movesay_daohang` [ RunTime:0.0020s ]
SQL: SELECT * FROM `movesay_daohang` WHERE `status` = 1 ORDER BY sort asc  [ RunTime:0.0010s ]
SQL: SHOW COLUMNS FROM `movesay_article_type` [ RunTime:0.0020s ]
SQL: SELECT * FROM `movesay_article_type` WHERE `status` = 1 AND `footer` = 1 AND `shang` = '' ORDER BY sort asc ,id desc LIMIT 3   [ RunTime:0.0010s ]
SQL: SHOW COLUMNS FROM `movesay_article` [ RunTime:0.0020s ]
SQL: SELECT `id`,`title` FROM `movesay_article` WHERE `footer` = 1 AND `status` = 1 ORDER BY id asc LIMIT 4   [ RunTime:0.0000s ]
SQL: SELECT `id`,`title` FROM `movesay_article` WHERE `footer` = 1 AND `status` = 1 ORDER BY id asc LIMIT 4   [ RunTime:0.0000s ]
SQL: SELECT `id`,`title` FROM `movesay_article` WHERE `footer` = 1 AND `status` = 1 ORDER BY id asc LIMIT 4   [ RunTime:0.0000s ]
SQL: SHOW COLUMNS FROM `movesay_trade_log` [ RunTime:0.0030s ]
SQL: SELECT * FROM `movesay_trade_log` WHERE `status` = 1 AND `market` = 'ftc_cny' ORDER BY id desc LIMIT 50   [ RunTime:0.0010s ]

[ 2017-01-18T09:56:38+08:00 ] 127.0.0.1 /Ajax/getDepth?market=ftc_cny&trade_moshi=1&t=0.4601864859701359
INFO: [ app_init ] --START--
INFO: Run Behavior\BuildLiteBehavior [ RunTime:0.000000s ]
INFO: [ app_init ] --END-- [ RunTime:0.002000s ]
INFO: [ app_begin ] --START--
INFO: Run Behavior\ReadHtmlCacheBehavior [ RunTime:0.001000s ]
INFO: Run Behavior\CheckLangBehavior [ RunTime:0.003000s ]
INFO: [ app_begin ] --END-- [ RunTime:0.004000s ]
SQL: SHOW COLUMNS FROM `movesay_user` [ RunTime:0.0030s ]
SQL: SELECT * FROM `movesay_user` WHERE ( id = 94 ) LIMIT 1   [ RunTime:0.0010s ]
SQL: SHOW COLUMNS FROM `movesay_user_coin` [ RunTime:0.0030s ]
SQL: SELECT * FROM `movesay_user_coin` WHERE `userid` = 94 LIMIT 1   [ RunTime:0.0010s ]
SQL: SHOW COLUMNS FROM `movesay_config` [ RunTime:0.0030s ]
SQL: SELECT * FROM `movesay_config` WHERE `id` = 1 LIMIT 1   [ RunTime:0.0010s ]
NOTIC: [8] Undefined index: qijianke D:\workfile\btc_fujian2\Application\Home\Controller\HomeController.class.php 第 49 行.
SQL: SHOW COLUMNS FROM `movesay_coin` [ RunTime:0.0020s ]
SQL: SELECT * FROM `movesay_coin` WHERE `status` = 1  [ RunTime:0.0000s ]
SQL: SHOW COLUMNS FROM `movesay_market` [ RunTime:0.0020s ]
SQL: SELECT * FROM `movesay_market` WHERE `status` = 1  [ RunTime:0.0010s ]
SQL: SHOW COLUMNS FROM `movesay_daohang` [ RunTime:0.0020s ]
SQL: SELECT * FROM `movesay_daohang` WHERE `status` = 1 ORDER BY sort asc  [ RunTime:0.0000s ]
SQL: SHOW COLUMNS FROM `movesay_article_type` [ RunTime:0.0030s ]
SQL: SELECT * FROM `movesay_article_type` WHERE `status` = 1 AND `footer` = 1 AND `shang` = '' ORDER BY sort asc ,id desc LIMIT 3   [ RunTime:0.0000s ]
SQL: SHOW COLUMNS FROM `movesay_article` [ RunTime:0.0020s ]
SQL: SELECT `id`,`title` FROM `movesay_article` WHERE `footer` = 1 AND `status` = 1 ORDER BY id asc LIMIT 4   [ RunTime:0.0000s ]
SQL: SELECT `id`,`title` FROM `movesay_article` WHERE `footer` = 1 AND `status` = 1 ORDER BY id asc LIMIT 4   [ RunTime:0.0000s ]
SQL: SELECT `id`,`title` FROM `movesay_article` WHERE `footer` = 1 AND `status` = 1 ORDER BY id asc LIMIT 4   [ RunTime:0.0000s ]
SQL: select id,price,sum(num-deal)as nums from movesay_trade where status=0 and type=1 and market ='ftc_cny' group by price order by price desc limit 12; [ RunTime:0.0010s ]
SQL: select id,price,sum(num-deal)as nums from movesay_trade where status=0 and type=2 and market ='ftc_cny' group by price order by price asc limit 12; [ RunTime:0.0010s ]

[ 2017-01-18T09:56:41+08:00 ] 127.0.0.1 /Ajax/getEntrustAndUsercoin?market=ftc_cny&t=0.47611855019057114
INFO: [ app_init ] --START--
INFO: Run Behavior\BuildLiteBehavior [ RunTime:0.000000s ]
INFO: [ app_init ] --END-- [ RunTime:0.003000s ]
INFO: [ app_begin ] --START--
INFO: Run Behavior\ReadHtmlCacheBehavior [ RunTime:0.001000s ]
INFO: Run Behavior\CheckLangBehavior [ RunTime:0.002000s ]
INFO: [ app_begin ] --END-- [ RunTime:0.003000s ]
SQL: SHOW COLUMNS FROM `movesay_user` [ RunTime:0.0030s ]
SQL: SELECT * FROM `movesay_user` WHERE ( id = 94 ) LIMIT 1   [ RunTime:0.0010s ]
SQL: SHOW COLUMNS FROM `movesay_user_coin` [ RunTime:0.0030s ]
SQL: SELECT * FROM `movesay_user_coin` WHERE `userid` = 94 LIMIT 1   [ RunTime:0.0000s ]
SQL: SHOW COLUMNS FROM `movesay_config` [ RunTime:0.0030s ]
SQL: SELECT * FROM `movesay_config` WHERE `id` = 1 LIMIT 1   [ RunTime:0.0000s ]
NOTIC: [8] Undefined index: qijianke D:\workfile\btc_fujian2\Application\Home\Controller\HomeController.class.php 第 49 行.
SQL: SHOW COLUMNS FROM `movesay_coin` [ RunTime:0.0030s ]
SQL: SELECT * FROM `movesay_coin` WHERE `status` = 1  [ RunTime:0.0000s ]
SQL: SHOW COLUMNS FROM `movesay_market` [ RunTime:0.0030s ]
SQL: SELECT * FROM `movesay_market` WHERE `status` = 1  [ RunTime:0.0010s ]
SQL: SHOW COLUMNS FROM `movesay_daohang` [ RunTime:0.0020s ]
SQL: SELECT * FROM `movesay_daohang` WHERE `status` = 1 ORDER BY sort asc  [ RunTime:0.0000s ]
SQL: SHOW COLUMNS FROM `movesay_article_type` [ RunTime:0.0030s ]
SQL: SELECT * FROM `movesay_article_type` WHERE `status` = 1 AND `footer` = 1 AND `shang` = '' ORDER BY sort asc ,id desc LIMIT 3   [ RunTime:0.0010s ]
SQL: SHOW COLUMNS FROM `movesay_article` [ RunTime:0.0030s ]
SQL: SELECT `id`,`title` FROM `movesay_article` WHERE `footer` = 1 AND `status` = 1 ORDER BY id asc LIMIT 4   [ RunTime:0.0000s ]
SQL: SELECT `id`,`title` FROM `movesay_article` WHERE `footer` = 1 AND `status` = 1 ORDER BY id asc LIMIT 4   [ RunTime:0.0010s ]
SQL: SELECT `id`,`title` FROM `movesay_article` WHERE `footer` = 1 AND `status` = 1 ORDER BY id asc LIMIT 4   [ RunTime:0.0000s ]
SQL: select id,price,num,deal,mum,type,fee,status,addtime from movesay_trade where status=0 and market='ftc_cny' and userid=94 order by id desc limit 10; [ RunTime:0.0040s ]
SQL: SELECT * FROM `movesay_user_coin` WHERE `userid` = 94 LIMIT 1   [ RunTime:0.0000s ]

[ 2017-01-18T09:56:41+08:00 ] 127.0.0.1 /Ajax/allfinance?t=0.7815897655274986
INFO: [ app_init ] --START--
INFO: Run Behavior\BuildLiteBehavior [ RunTime:0.000000s ]
INFO: [ app_init ] --END-- [ RunTime:0.002000s ]
INFO: [ app_begin ] --START--
INFO: Run Behavior\ReadHtmlCacheBehavior [ RunTime:0.000000s ]
INFO: Run Behavior\CheckLangBehavior [ RunTime:0.003000s ]
INFO: [ app_begin ] --END-- [ RunTime:0.003000s ]
SQL: SHOW COLUMNS FROM `movesay_user` [ RunTime:0.0030s ]
SQL: SELECT * FROM `movesay_user` WHERE ( id = 94 ) LIMIT 1   [ RunTime:0.0000s ]
SQL: SHOW COLUMNS FROM `movesay_user_coin` [ RunTime:0.0030s ]
SQL: SELECT * FROM `movesay_user_coin` WHERE `userid` = 94 LIMIT 1   [ RunTime:0.0010s ]
SQL: SHOW COLUMNS FROM `movesay_config` [ RunTime:0.0020s ]
SQL: SELECT * FROM `movesay_config` WHERE `id` = 1 LIMIT 1   [ RunTime:0.0000s ]
NOTIC: [8] Undefined index: qijianke D:\workfile\btc_fujian2\Application\Home\Controller\HomeController.class.php 第 49 行.
SQL: SHOW COLUMNS FROM `movesay_coin` [ RunTime:0.0030s ]
SQL: SELECT * FROM `movesay_coin` WHERE `status` = 1  [ RunTime:0.0010s ]
SQL: SHOW COLUMNS FROM `movesay_market` [ RunTime:0.0030s ]
SQL: SELECT * FROM `movesay_market` WHERE `status` = 1  [ RunTime:0.0010s ]
SQL: SHOW COLUMNS FROM `movesay_daohang` [ RunTime:0.0020s ]
SQL: SELECT * FROM `movesay_daohang` WHERE `status` = 1 ORDER BY sort asc  [ RunTime:0.0010s ]
SQL: SHOW COLUMNS FROM `movesay_article_type` [ RunTime:0.0020s ]
SQL: SELECT * FROM `movesay_article_type` WHERE `status` = 1 AND `footer` = 1 AND `shang` = '' ORDER BY sort asc ,id desc LIMIT 3   [ RunTime:0.0010s ]
SQL: SHOW COLUMNS FROM `movesay_article` [ RunTime:0.0020s ]
SQL: SELECT `id`,`title` FROM `movesay_article` WHERE `footer` = 1 AND `status` = 1 ORDER BY id asc LIMIT 4   [ RunTime:0.0000s ]
SQL: SELECT `id`,`title` FROM `movesay_article` WHERE `footer` = 1 AND `status` = 1 ORDER BY id asc LIMIT 4   [ RunTime:0.0000s ]
SQL: SELECT `id`,`title` FROM `movesay_article` WHERE `footer` = 1 AND `status` = 1 ORDER BY id asc LIMIT 4   [ RunTime:0.0010s ]
SQL: SELECT * FROM `movesay_user_coin` WHERE `userid` = 94 LIMIT 1   [ RunTime:0.0000s ]

[ 2017-01-18T09:56:41+08:00 ] 127.0.0.1 /Chart/getMarketOrdinaryJson?market=ftc_cny&time=5&t=1484704601501
INFO: [ app_init ] --START--
INFO: Run Behavior\BuildLiteBehavior [ RunTime:0.000000s ]
INFO: [ app_init ] --END-- [ RunTime:0.003000s ]
INFO: [ app_begin ] --START--
INFO: Run Behavior\ReadHtmlCacheBehavior [ RunTime:0.001000s ]
INFO: Run Behavior\CheckLangBehavior [ RunTime:0.002000s ]
INFO: [ app_begin ] --END-- [ RunTime:0.003000s ]
SQL: SHOW COLUMNS FROM `movesay_user` [ RunTime:0.0030s ]
SQL: SELECT * FROM `movesay_user` WHERE ( id = 94 ) LIMIT 1   [ RunTime:0.0010s ]
SQL: SHOW COLUMNS FROM `movesay_user_coin` [ RunTime:0.0020s ]
SQL: SELECT * FROM `movesay_user_coin` WHERE `userid` = 94 LIMIT 1   [ RunTime:0.0000s ]
SQL: SHOW COLUMNS FROM `movesay_config` [ RunTime:0.0020s ]
SQL: SELECT * FROM `movesay_config` WHERE `id` = 1 LIMIT 1   [ RunTime:0.0010s ]
NOTIC: [8] Undefined index: qijianke D:\workfile\btc_fujian2\Application\Home\Controller\HomeController.class.php 第 49 行.
SQL: SHOW COLUMNS FROM `movesay_coin` [ RunTime:0.0030s ]
SQL: SELECT * FROM `movesay_coin` WHERE `status` = 1  [ RunTime:0.0000s ]
SQL: SHOW COLUMNS FROM `movesay_market` [ RunTime:0.0020s ]
SQL: SELECT * FROM `movesay_market` WHERE `status` = 1  [ RunTime:0.0000s ]
SQL: SHOW COLUMNS FROM `movesay_daohang` [ RunTime:0.0030s ]
SQL: SELECT * FROM `movesay_daohang` WHERE `status` = 1 ORDER BY sort asc  [ RunTime:0.0000s ]
SQL: SHOW COLUMNS FROM `movesay_article_type` [ RunTime:0.0020s ]
SQL: SELECT * FROM `movesay_article_type` WHERE `status` = 1 AND `footer` = 1 AND `shang` = '' ORDER BY sort asc ,id desc LIMIT 3   [ RunTime:0.0000s ]
SQL: SHOW COLUMNS FROM `movesay_article` [ RunTime:0.0020s ]
SQL: SELECT `id`,`title` FROM `movesay_article` WHERE `footer` = 1 AND `status` = 1 ORDER BY id asc LIMIT 4   [ RunTime:0.0000s ]
SQL: SELECT `id`,`title` FROM `movesay_article` WHERE `footer` = 1 AND `status` = 1 ORDER BY id asc LIMIT 4   [ RunTime:0.0010s ]
SQL: SELECT `id`,`title` FROM `movesay_article` WHERE `footer` = 1 AND `status` = 1 ORDER BY id asc LIMIT 4   [ RunTime:0.0000s ]
SQL: SHOW COLUMNS FROM `movesay_trade_json` [ RunTime:0.0020s ]
SQL: SELECT * FROM `movesay_trade_json` WHERE `market` = 'ftc_cny' AND `type` = '5' AND `data` <> '' ORDER BY id desc LIMIT 100   [ RunTime:0.0010s ]

[ 2017-01-18T09:56:42+08:00 ] 127.0.0.1 /Ajax/getTradelog?market=ftc_cny&t=0.5843893839690448
INFO: [ app_init ] --START--
INFO: Run Behavior\BuildLiteBehavior [ RunTime:0.000000s ]
INFO: [ app_init ] --END-- [ RunTime:0.002000s ]
INFO: [ app_begin ] --START--
INFO: Run Behavior\ReadHtmlCacheBehavior [ RunTime:0.000000s ]
INFO: Run Behavior\CheckLangBehavior [ RunTime:0.002000s ]
INFO: [ app_begin ] --END-- [ RunTime:0.002000s ]
SQL: SHOW COLUMNS FROM `movesay_user` [ RunTime:0.0030s ]
SQL: SELECT * FROM `movesay_user` WHERE ( id = 94 ) LIMIT 1   [ RunTime:0.0010s ]
SQL: SHOW COLUMNS FROM `movesay_user_coin` [ RunTime:0.0030s ]
SQL: SELECT * FROM `movesay_user_coin` WHERE `userid` = 94 LIMIT 1   [ RunTime:0.0000s ]
SQL: SHOW COLUMNS FROM `movesay_config` [ RunTime:0.0020s ]
SQL: SELECT * FROM `movesay_config` WHERE `id` = 1 LIMIT 1   [ RunTime:0.0000s ]
NOTIC: [8] Undefined index: qijianke D:\workfile\btc_fujian2\Application\Home\Controller\HomeController.class.php 第 49 行.
SQL: SHOW COLUMNS FROM `movesay_coin` [ RunTime:0.0030s ]
SQL: SELECT * FROM `movesay_coin` WHERE `status` = 1  [ RunTime:0.0010s ]
SQL: SHOW COLUMNS FROM `movesay_market` [ RunTime:0.0030s ]
SQL: SELECT * FROM `movesay_market` WHERE `status` = 1  [ RunTime:0.0010s ]
SQL: SHOW COLUMNS FROM `movesay_daohang` [ RunTime:0.0020s ]
SQL: SELECT * FROM `movesay_daohang` WHERE `status` = 1 ORDER BY sort asc  [ RunTime:0.0010s ]
SQL: SHOW COLUMNS FROM `movesay_article_type` [ RunTime:0.0030s ]
SQL: SELECT * FROM `movesay_article_type` WHERE `status` = 1 AND `footer` = 1 AND `shang` = '' ORDER BY sort asc ,id desc LIMIT 3   [ RunTime:0.0000s ]
SQL: SHOW COLUMNS FROM `movesay_article` [ RunTime:0.0020s ]
SQL: SELECT `id`,`title` FROM `movesay_article` WHERE `footer` = 1 AND `status` = 1 ORDER BY id asc LIMIT 4   [ RunTime:0.0000s ]
SQL: SELECT `id`,`title` FROM `movesay_article` WHERE `footer` = 1 AND `status` = 1 ORDER BY id asc LIMIT 4   [ RunTime:0.0010s ]
SQL: SELECT `id`,`title` FROM `movesay_article` WHERE `footer` = 1 AND `status` = 1 ORDER BY id asc LIMIT 4   [ RunTime:0.0000s ]
SQL: SHOW COLUMNS FROM `movesay_trade_log` [ RunTime:0.0020s ]
SQL: SELECT * FROM `movesay_trade_log` WHERE `status` = 1 AND `market` = 'ftc_cny' ORDER BY id desc LIMIT 50   [ RunTime:0.0010s ]

[ 2017-01-18T09:56:42+08:00 ] 127.0.0.1 /Ajax/getJsonTop?market=ftc_cny&t=0.9203820997952203
INFO: [ app_init ] --START--
INFO: Run Behavior\BuildLiteBehavior [ RunTime:0.000000s ]
INFO: [ app_init ] --END-- [ RunTime:0.002000s ]
INFO: [ app_begin ] --START--
INFO: Run Behavior\ReadHtmlCacheBehavior [ RunTime:0.000000s ]
INFO: Run Behavior\CheckLangBehavior [ RunTime:0.003000s ]
INFO: [ app_begin ] --END-- [ RunTime:0.003000s ]
SQL: SHOW COLUMNS FROM `movesay_user` [ RunTime:0.0030s ]
SQL: SELECT * FROM `movesay_user` WHERE ( id = 94 ) LIMIT 1   [ RunTime:0.0010s ]
SQL: SHOW COLUMNS FROM `movesay_user_coin` [ RunTime:0.0030s ]
SQL: SELECT * FROM `movesay_user_coin` WHERE `userid` = 94 LIMIT 1   [ RunTime:0.0010s ]
SQL: SHOW COLUMNS FROM `movesay_config` [ RunTime:0.0030s ]
SQL: SELECT * FROM `movesay_config` WHERE `id` = 1 LIMIT 1   [ RunTime:0.0010s ]
NOTIC: [8] Undefined index: qijianke D:\workfile\btc_fujian2\Application\Home\Controller\HomeController.class.php 第 49 行.
SQL: SHOW COLUMNS FROM `movesay_coin` [ RunTime:0.0030s ]
SQL: SELECT * FROM `movesay_coin` WHERE `status` = 1  [ RunTime:0.0000s ]
SQL: SHOW COLUMNS FROM `movesay_market` [ RunTime:0.0020s ]
SQL: SELECT * FROM `movesay_market` WHERE `status` = 1  [ RunTime:0.0000s ]
SQL: SHOW COLUMNS FROM `movesay_daohang` [ RunTime:0.0030s ]
SQL: SELECT * FROM `movesay_daohang` WHERE `status` = 1 ORDER BY sort asc  [ RunTime:0.0010s ]
SQL: SHOW COLUMNS FROM `movesay_article_type` [ RunTime:0.0020s ]
SQL: SELECT * FROM `movesay_article_type` WHERE `status` = 1 AND `footer` = 1 AND `shang` = '' ORDER BY sort asc ,id desc LIMIT 3   [ RunTime:0.0010s ]
SQL: SHOW COLUMNS FROM `movesay_article` [ RunTime:0.0020s ]
SQL: SELECT `id`,`title` FROM `movesay_article` WHERE `footer` = 1 AND `status` = 1 ORDER BY id asc LIMIT 4   [ RunTime:0.0010s ]
SQL: SELECT `id`,`title` FROM `movesay_article` WHERE `footer` = 1 AND `status` = 1 ORDER BY id asc LIMIT 4   [ RunTime:0.0000s ]
SQL: SELECT `id`,`title` FROM `movesay_article` WHERE `footer` = 1 AND `status` = 1 ORDER BY id asc LIMIT 4   [ RunTime:0.0000s ]

[ 2017-01-18T09:56:46+08:00 ] 127.0.0.1 /Ajax/getDepth?market=ftc_cny&trade_moshi=1&t=0.6622893836969534
INFO: [ app_init ] --START--
INFO: Run Behavior\BuildLiteBehavior [ RunTime:0.000000s ]
INFO: [ app_init ] --END-- [ RunTime:0.002000s ]
INFO: [ app_begin ] --START--
INFO: Run Behavior\ReadHtmlCacheBehavior [ RunTime:0.000000s ]
INFO: Run Behavior\CheckLangBehavior [ RunTime:0.002000s ]
INFO: [ app_begin ] --END-- [ RunTime:0.002000s ]
SQL: SHOW COLUMNS FROM `movesay_user` [ RunTime:0.0030s ]
SQL: SELECT * FROM `movesay_user` WHERE ( id = 94 ) LIMIT 1   [ RunTime:0.0000s ]
SQL: SHOW COLUMNS FROM `movesay_user_coin` [ RunTime:0.0030s ]
SQL: SELECT * FROM `movesay_user_coin` WHERE `userid` = 94 LIMIT 1   [ RunTime:0.0010s ]
SQL: SHOW COLUMNS FROM `movesay_config` [ RunTime:0.0020s ]
SQL: SELECT * FROM `movesay_config` WHERE `id` = 1 LIMIT 1   [ RunTime:0.0000s ]
NOTIC: [8] Undefined index: qijianke D:\workfile\btc_fujian2\Application\Home\Controller\HomeController.class.php 第 49 行.
SQL: SHOW COLUMNS FROM `movesay_coin` [ RunTime:0.0030s ]
SQL: SELECT * FROM `movesay_coin` WHERE `status` = 1  [ RunTime:0.0010s ]
SQL: SHOW COLUMNS FROM `movesay_market` [ RunTime:0.0030s ]
SQL: SELECT * FROM `movesay_market` WHERE `status` = 1  [ RunTime:0.0010s ]
SQL: SHOW COLUMNS FROM `movesay_daohang` [ RunTime:0.0020s ]
SQL: SELECT * FROM `movesay_daohang` WHERE `status` = 1 ORDER BY sort asc  [ RunTime:0.0000s ]
SQL: SHOW COLUMNS FROM `movesay_article_type` [ RunTime:0.0020s ]
SQL: SELECT * FROM `movesay_article_type` WHERE `status` = 1 AND `footer` = 1 AND `shang` = '' ORDER BY sort asc ,id desc LIMIT 3   [ RunTime:0.0000s ]
SQL: SHOW COLUMNS FROM `movesay_article` [ RunTime:0.0030s ]
SQL: SELECT `id`,`title` FROM `movesay_article` WHERE `footer` = 1 AND `status` = 1 ORDER BY id asc LIMIT 4   [ RunTime:0.0010s ]
SQL: SELECT `id`,`title` FROM `movesay_article` WHERE `footer` = 1 AND `status` = 1 ORDER BY id asc LIMIT 4   [ RunTime:0.0000s ]
SQL: SELECT `id`,`title` FROM `movesay_article` WHERE `footer` = 1 AND `status` = 1 ORDER BY id asc LIMIT 4   [ RunTime:0.0000s ]
SQL: select id,price,sum(num-deal)as nums from movesay_trade where status=0 and type=1 and market ='ftc_cny' group by price order by price desc limit 12; [ RunTime:0.0000s ]
SQL: select id,price,sum(num-deal)as nums from movesay_trade where status=0 and type=2 and market ='ftc_cny' group by price order by price asc limit 12; [ RunTime:0.0010s ]

[ 2017-01-18T09:56:47+08:00 ] 127.0.0.1 /Ajax/getEntrustAndUsercoin?market=ftc_cny&t=0.03852726120098726
INFO: [ app_init ] --START--
INFO: Run Behavior\BuildLiteBehavior [ RunTime:0.000000s ]
INFO: [ app_init ] --END-- [ RunTime:0.003000s ]
INFO: [ app_begin ] --START--
INFO: Run Behavior\ReadHtmlCacheBehavior [ RunTime:0.001000s ]
INFO: Run Behavior\CheckLangBehavior [ RunTime:0.002001s ]
INFO: [ app_begin ] --END-- [ RunTime:0.003001s ]
SQL: SHOW COLUMNS FROM `movesay_user` [ RunTime:0.0030s ]
SQL: SELECT * FROM `movesay_user` WHERE ( id = 94 ) LIMIT 1   [ RunTime:0.0000s ]
SQL: SHOW COLUMNS FROM `movesay_user_coin` [ RunTime:0.0020s ]
SQL: SELECT * FROM `movesay_user_coin` WHERE `userid` = 94 LIMIT 1   [ RunTime:0.0010s ]
SQL: SHOW COLUMNS FROM `movesay_config` [ RunTime:0.0030s ]
SQL: SELECT * FROM `movesay_config` WHERE `id` = 1 LIMIT 1   [ RunTime:0.0010s ]
NOTIC: [8] Undefined index: qijianke D:\workfile\btc_fujian2\Application\Home\Controller\HomeController.class.php 第 49 行.
SQL: SHOW COLUMNS FROM `movesay_coin` [ RunTime:0.0020s ]
SQL: SELECT * FROM `movesay_coin` WHERE `status` = 1  [ RunTime:0.0000s ]
SQL: SHOW COLUMNS FROM `movesay_market` [ RunTime:0.0020s ]
SQL: SELECT * FROM `movesay_market` WHERE `status` = 1  [ RunTime:0.0000s ]
SQL: SHOW COLUMNS FROM `movesay_daohang` [ RunTime:0.0020s ]
SQL: SELECT * FROM `movesay_daohang` WHERE `status` = 1 ORDER BY sort asc  [ RunTime:0.0000s ]
SQL: SHOW COLUMNS FROM `movesay_article_type` [ RunTime:0.0030s ]
SQL: SELECT * FROM `movesay_article_type` WHERE `status` = 1 AND `footer` = 1 AND `shang` = '' ORDER BY sort asc ,id desc LIMIT 3   [ RunTime:0.0000s ]
SQL: SHOW COLUMNS FROM `movesay_article` [ RunTime:0.0030s ]
SQL: SELECT `id`,`title` FROM `movesay_article` WHERE `footer` = 1 AND `status` = 1 ORDER BY id asc LIMIT 4   [ RunTime:0.0000s ]
SQL: SELECT `id`,`title` FROM `movesay_article` WHERE `footer` = 1 AND `status` = 1 ORDER BY id asc LIMIT 4   [ RunTime:0.0010s ]
SQL: SELECT `id`,`title` FROM `movesay_article` WHERE `footer` = 1 AND `status` = 1 ORDER BY id asc LIMIT 4   [ RunTime:0.0000s ]
SQL: select id,price,num,deal,mum,type,fee,status,addtime from movesay_trade where status=0 and market='ftc_cny' and userid=94 order by id desc limit 10; [ RunTime:0.0040s ]
SQL: SELECT * FROM `movesay_user_coin` WHERE `userid` = 94 LIMIT 1   [ RunTime:0.0000s ]

[ 2017-01-18T09:56:47+08:00 ] 127.0.0.1 /Ajax/allfinance?t=0.6369232797757134
INFO: [ app_init ] --START--
INFO: Run Behavior\BuildLiteBehavior [ RunTime:0.000000s ]
INFO: [ app_init ] --END-- [ RunTime:0.003000s ]
INFO: [ app_begin ] --START--
INFO: Run Behavior\ReadHtmlCacheBehavior [ RunTime:0.000000s ]
INFO: Run Behavior\CheckLangBehavior [ RunTime:0.002001s ]
INFO: [ app_begin ] --END-- [ RunTime:0.002001s ]
SQL: SHOW COLUMNS FROM `movesay_user` [ RunTime:0.0030s ]
SQL: SELECT * FROM `movesay_user` WHERE ( id = 94 ) LIMIT 1   [ RunTime:0.0000s ]
SQL: SHOW COLUMNS FROM `movesay_user_coin` [ RunTime:0.0030s ]
SQL: SELECT * FROM `movesay_user_coin` WHERE `userid` = 94 LIMIT 1   [ RunTime:0.0000s ]
SQL: SHOW COLUMNS FROM `movesay_config` [ RunTime:0.0030s ]
SQL: SELECT * FROM `movesay_config` WHERE `id` = 1 LIMIT 1   [ RunTime:0.0010s ]
NOTIC: [8] Undefined index: qijianke D:\workfile\btc_fujian2\Application\Home\Controller\HomeController.class.php 第 49 行.
SQL: SHOW COLUMNS FROM `movesay_coin` [ RunTime:0.0030s ]
SQL: SELECT * FROM `movesay_coin` WHERE `status` = 1  [ RunTime:0.0010s ]
SQL: SHOW COLUMNS FROM `movesay_market` [ RunTime:0.0030s ]
SQL: SELECT * FROM `movesay_market` WHERE `status` = 1  [ RunTime:0.0010s ]
SQL: SHOW COLUMNS FROM `movesay_daohang` [ RunTime:0.0020s ]
SQL: SELECT * FROM `movesay_daohang` WHERE `status` = 1 ORDER BY sort asc  [ RunTime:0.0000s ]
SQL: SHOW COLUMNS FROM `movesay_article_type` [ RunTime:0.0020s ]
SQL: SELECT * FROM `movesay_article_type` WHERE `status` = 1 AND `footer` = 1 AND `shang` = '' ORDER BY sort asc ,id desc LIMIT 3   [ RunTime:0.0010s ]
SQL: SHOW COLUMNS FROM `movesay_article` [ RunTime:0.0020s ]
SQL: SELECT `id`,`title` FROM `movesay_article` WHERE `footer` = 1 AND `status` = 1 ORDER BY id asc LIMIT 4   [ RunTime:0.0010s ]
SQL: SELECT `id`,`title` FROM `movesay_article` WHERE `footer` = 1 AND `status` = 1 ORDER BY id asc LIMIT 4   [ RunTime:0.0000s ]
SQL: SELECT `id`,`title` FROM `movesay_article` WHERE `footer` = 1 AND `status` = 1 ORDER BY id asc LIMIT 4   [ RunTime:0.0000s ]
SQL: SELECT * FROM `movesay_user_coin` WHERE `userid` = 94 LIMIT 1   [ RunTime:0.0000s ]

[ 2017-01-18T09:56:48+08:00 ] 127.0.0.1 /Ajax/getJsonTop?market=ftc_cny&t=0.06446591102969457
INFO: [ app_init ] --START--
INFO: Run Behavior\BuildLiteBehavior [ RunTime:0.000000s ]
INFO: [ app_init ] --END-- [ RunTime:0.004000s ]
INFO: [ app_begin ] --START--
INFO: Run Behavior\ReadHtmlCacheBehavior [ RunTime:0.000000s ]
INFO: Run Behavior\CheckLangBehavior [ RunTime:0.003000s ]
INFO: [ app_begin ] --END-- [ RunTime:0.003000s ]
SQL: SHOW COLUMNS FROM `movesay_user` [ RunTime:0.0030s ]
SQL: SELECT * FROM `movesay_user` WHERE ( id = 94 ) LIMIT 1   [ RunTime:0.0000s ]
SQL: SHOW COLUMNS FROM `movesay_user_coin` [ RunTime:0.0020s ]
SQL: SELECT * FROM `movesay_user_coin` WHERE `userid` = 94 LIMIT 1   [ RunTime:0.0000s ]
SQL: SHOW COLUMNS FROM `movesay_config` [ RunTime:0.0030s ]
SQL: SELECT * FROM `movesay_config` WHERE `id` = 1 LIMIT 1   [ RunTime:0.0010s ]
NOTIC: [8] Undefined index: qijianke D:\workfile\btc_fujian2\Application\Home\Controller\HomeController.class.php 第 49 行.
SQL: SHOW COLUMNS FROM `movesay_coin` [ RunTime:0.0020s ]
SQL: SELECT * FROM `movesay_coin` WHERE `status` = 1  [ RunTime:0.0000s ]
SQL: SHOW COLUMNS FROM `movesay_market` [ RunTime:0.0020s ]
SQL: SELECT * FROM `movesay_market` WHERE `status` = 1  [ RunTime:0.0010s ]
SQL: SHOW COLUMNS FROM `movesay_daohang` [ RunTime:0.0020s ]
SQL: SELECT * FROM `movesay_daohang` WHERE `status` = 1 ORDER BY sort asc  [ RunTime:0.0010s ]
SQL: SHOW COLUMNS FROM `movesay_article_type` [ RunTime:0.0020s ]
SQL: SELECT * FROM `movesay_article_type` WHERE `status` = 1 AND `footer` = 1 AND `shang` = '' ORDER BY sort asc ,id desc LIMIT 3   [ RunTime:0.0000s ]
SQL: SHOW COLUMNS FROM `movesay_article` [ RunTime:0.0020s ]
SQL: SELECT `id`,`title` FROM `movesay_article` WHERE `footer` = 1 AND `status` = 1 ORDER BY id asc LIMIT 4   [ RunTime:0.0000s ]
SQL: SELECT `id`,`title` FROM `movesay_article` WHERE `footer` = 1 AND `status` = 1 ORDER BY id asc LIMIT 4   [ RunTime:0.0000s ]
SQL: SELECT `id`,`title` FROM `movesay_article` WHERE `footer` = 1 AND `status` = 1 ORDER BY id asc LIMIT 4   [ RunTime:0.0010s ]

[ 2017-01-18T09:56:48+08:00 ] 127.0.0.1 /Ajax/getTradelog?market=ftc_cny&t=0.6985504303580279
INFO: [ app_init ] --START--
INFO: Run Behavior\BuildLiteBehavior [ RunTime:0.000000s ]
INFO: [ app_init ] --END-- [ RunTime:0.003000s ]
INFO: [ app_begin ] --START--
INFO: Run Behavior\ReadHtmlCacheBehavior [ RunTime:0.000000s ]
INFO: Run Behavior\CheckLangBehavior [ RunTime:0.003000s ]
INFO: [ app_begin ] --END-- [ RunTime:0.003000s ]
SQL: SHOW COLUMNS FROM `movesay_user` [ RunTime:0.0030s ]
SQL: SELECT * FROM `movesay_user` WHERE ( id = 94 ) LIMIT 1   [ RunTime:0.0000s ]
SQL: SHOW COLUMNS FROM `movesay_user_coin` [ RunTime:0.0020s ]
SQL: SELECT * FROM `movesay_user_coin` WHERE `userid` = 94 LIMIT 1   [ RunTime:0.0000s ]
SQL: SHOW COLUMNS FROM `movesay_config` [ RunTime:0.0030s ]
SQL: SELECT * FROM `movesay_config` WHERE `id` = 1 LIMIT 1   [ RunTime:0.0010s ]
NOTIC: [8] Undefined index: qijianke D:\workfile\btc_fujian2\Application\Home\Controller\HomeController.class.php 第 49 行.
SQL: SHOW COLUMNS FROM `movesay_coin` [ RunTime:0.0020s ]
SQL: SELECT * FROM `movesay_coin` WHERE `status` = 1  [ RunTime:0.0000s ]
SQL: SHOW COLUMNS FROM `movesay_market` [ RunTime:0.0020s ]
SQL: SELECT * FROM `movesay_market` WHERE `status` = 1  [ RunTime:0.0000s ]
SQL: SHOW COLUMNS FROM `movesay_daohang` [ RunTime:0.0020s ]
SQL: SELECT * FROM `movesay_daohang` WHERE `status` = 1 ORDER BY sort asc  [ RunTime:0.0000s ]
SQL: SHOW COLUMNS FROM `movesay_article_type` [ RunTime:0.0020s ]
SQL: SELECT * FROM `movesay_article_type` WHERE `status` = 1 AND `footer` = 1 AND `shang` = '' ORDER BY sort asc ,id desc LIMIT 3   [ RunTime:0.0000s ]
SQL: SHOW COLUMNS FROM `movesay_article` [ RunTime:0.0030s ]
SQL: SELECT `id`,`title` FROM `movesay_article` WHERE `footer` = 1 AND `status` = 1 ORDER BY id asc LIMIT 4   [ RunTime:0.0000s ]
SQL: SELECT `id`,`title` FROM `movesay_article` WHERE `footer` = 1 AND `status` = 1 ORDER BY id asc LIMIT 4   [ RunTime:0.0000s ]
SQL: SELECT `id`,`title` FROM `movesay_article` WHERE `footer` = 1 AND `status` = 1 ORDER BY id asc LIMIT 4   [ RunTime:0.0000s ]
SQL: SHOW COLUMNS FROM `movesay_trade_log` [ RunTime:0.0020s ]
SQL: SELECT * FROM `movesay_trade_log` WHERE `status` = 1 AND `market` = 'ftc_cny' ORDER BY id desc LIMIT 50   [ RunTime:0.0000s ]

[ 2017-01-18T09:56:48+08:00 ] 127.0.0.1 /Chart/getMarketOrdinaryJson?market=ftc_cny&time=5&t=1484704608486
INFO: [ app_init ] --START--
INFO: Run Behavior\BuildLiteBehavior [ RunTime:0.000000s ]
INFO: [ app_init ] --END-- [ RunTime:0.003000s ]
INFO: [ app_begin ] --START--
INFO: Run Behavior\ReadHtmlCacheBehavior [ RunTime:0.001000s ]
INFO: Run Behavior\CheckLangBehavior [ RunTime:0.003001s ]
INFO: [ app_begin ] --END-- [ RunTime:0.004001s ]
SQL: SHOW COLUMNS FROM `movesay_user` [ RunTime:0.0020s ]
SQL: SELECT * FROM `movesay_user` WHERE ( id = 94 ) LIMIT 1   [ RunTime:0.0000s ]
SQL: SHOW COLUMNS FROM `movesay_user_coin` [ RunTime:0.0030s ]
SQL: SELECT * FROM `movesay_user_coin` WHERE `userid` = 94 LIMIT 1   [ RunTime:0.0000s ]
SQL: SHOW COLUMNS FROM `movesay_config` [ RunTime:0.0030s ]
SQL: SELECT * FROM `movesay_config` WHERE `id` = 1 LIMIT 1   [ RunTime:0.0010s ]
NOTIC: [8] Undefined index: qijianke D:\workfile\btc_fujian2\Application\Home\Controller\HomeController.class.php 第 49 行.
SQL: SHOW COLUMNS FROM `movesay_coin` [ RunTime:0.0020s ]
SQL: SELECT * FROM `movesay_coin` WHERE `status` = 1  [ RunTime:0.0000s ]
SQL: SHOW COLUMNS FROM `movesay_market` [ RunTime:0.0030s ]
SQL: SELECT * FROM `movesay_market` WHERE `status` = 1  [ RunTime:0.0000s ]
SQL: SHOW COLUMNS FROM `movesay_daohang` [ RunTime:0.0020s ]
SQL: SELECT * FROM `movesay_daohang` WHERE `status` = 1 ORDER BY sort asc  [ RunTime:0.0000s ]
SQL: SHOW COLUMNS FROM `movesay_article_type` [ RunTime:0.0020s ]
SQL: SELECT * FROM `movesay_article_type` WHERE `status` = 1 AND `footer` = 1 AND `shang` = '' ORDER BY sort asc ,id desc LIMIT 3   [ RunTime:0.0010s ]
SQL: SHOW COLUMNS FROM `movesay_article` [ RunTime:0.0020s ]
SQL: SELECT `id`,`title` FROM `movesay_article` WHERE `footer` = 1 AND `status` = 1 ORDER BY id asc LIMIT 4   [ RunTime:0.0000s ]
SQL: SELECT `id`,`title` FROM `movesay_article` WHERE `footer` = 1 AND `status` = 1 ORDER BY id asc LIMIT 4   [ RunTime:0.0000s ]
SQL: SELECT `id`,`title` FROM `movesay_article` WHERE `footer` = 1 AND `status` = 1 ORDER BY id asc LIMIT 4   [ RunTime:0.0010s ]
SQL: SHOW COLUMNS FROM `movesay_trade_json` [ RunTime:0.0030s ]
SQL: SELECT * FROM `movesay_trade_json` WHERE `market` = 'ftc_cny' AND `type` = '5' AND `data` <> '' ORDER BY id desc LIMIT 100   [ RunTime:0.0010s ]

[ 2017-01-18T09:56:53+08:00 ] 127.0.0.1 /Ajax/getEntrustAndUsercoin?market=ftc_cny&t=0.7041310173025832
INFO: [ app_init ] --START--
INFO: Run Behavior\BuildLiteBehavior [ RunTime:0.000000s ]
INFO: [ app_init ] --END-- [ RunTime:0.003000s ]
INFO: [ app_begin ] --START--
INFO: Run Behavior\ReadHtmlCacheBehavior [ RunTime:0.001001s ]
INFO: Run Behavior\CheckLangBehavior [ RunTime:0.002000s ]
INFO: [ app_begin ] --END-- [ RunTime:0.003001s ]
SQL: SHOW COLUMNS FROM `movesay_user` [ RunTime:0.0030s ]
SQL: SELECT * FROM `movesay_user` WHERE ( id = 94 ) LIMIT 1   [ RunTime:0.0000s ]
SQL: SHOW COLUMNS FROM `movesay_user_coin` [ RunTime:0.0030s ]
SQL: SELECT * FROM `movesay_user_coin` WHERE `userid` = 94 LIMIT 1   [ RunTime:0.0000s ]
SQL: SHOW COLUMNS FROM `movesay_config` [ RunTime:0.0020s ]
SQL: SELECT * FROM `movesay_config` WHERE `id` = 1 LIMIT 1   [ RunTime:0.0000s ]
NOTIC: [8] Undefined index: qijianke D:\workfile\btc_fujian2\Application\Home\Controller\HomeController.class.php 第 49 行.
SQL: SHOW COLUMNS FROM `movesay_coin` [ RunTime:0.0020s ]
SQL: SELECT * FROM `movesay_coin` WHERE `status` = 1  [ RunTime:0.0000s ]
SQL: SHOW COLUMNS FROM `movesay_market` [ RunTime:0.0030s ]
SQL: SELECT * FROM `movesay_market` WHERE `status` = 1  [ RunTime:0.0010s ]
SQL: SHOW COLUMNS FROM `movesay_daohang` [ RunTime:0.0020s ]
SQL: SELECT * FROM `movesay_daohang` WHERE `status` = 1 ORDER BY sort asc  [ RunTime:0.0000s ]
SQL: SHOW COLUMNS FROM `movesay_article_type` [ RunTime:0.0020s ]
SQL: SELECT * FROM `movesay_article_type` WHERE `status` = 1 AND `footer` = 1 AND `shang` = '' ORDER BY sort asc ,id desc LIMIT 3   [ RunTime:0.0010s ]
SQL: SHOW COLUMNS FROM `movesay_article` [ RunTime:0.0020s ]
SQL: SELECT `id`,`title` FROM `movesay_article` WHERE `footer` = 1 AND `status` = 1 ORDER BY id asc LIMIT 4   [ RunTime:0.0000s ]
SQL: SELECT `id`,`title` FROM `movesay_article` WHERE `footer` = 1 AND `status` = 1 ORDER BY id asc LIMIT 4   [ RunTime:0.0000s ]
SQL: SELECT `id`,`title` FROM `movesay_article` WHERE `footer` = 1 AND `status` = 1 ORDER BY id asc LIMIT 4   [ RunTime:0.0010s ]
SQL: select id,price,num,deal,mum,type,fee,status,addtime from movesay_trade where status=0 and market='ftc_cny' and userid=94 order by id desc limit 10; [ RunTime:0.0030s ]
SQL: SELECT * FROM `movesay_user_coin` WHERE `userid` = 94 LIMIT 1   [ RunTime:0.0000s ]

[ 2017-01-18T09:56:53+08:00 ] 127.0.0.1 /Ajax/allfinance?t=0.4385939927818221
INFO: [ app_init ] --START--
INFO: Run Behavior\BuildLiteBehavior [ RunTime:0.000000s ]
INFO: [ app_init ] --END-- [ RunTime:0.002000s ]
INFO: [ app_begin ] --START--
INFO: Run Behavior\ReadHtmlCacheBehavior [ RunTime:0.000000s ]
INFO: Run Behavior\CheckLangBehavior [ RunTime:0.002000s ]
INFO: [ app_begin ] --END-- [ RunTime:0.002000s ]
SQL: SHOW COLUMNS FROM `movesay_user` [ RunTime:0.0030s ]
SQL: SELECT * FROM `movesay_user` WHERE ( id = 94 ) LIMIT 1   [ RunTime:0.0010s ]
SQL: SHOW COLUMNS FROM `movesay_user_coin` [ RunTime:0.0020s ]
SQL: SELECT * FROM `movesay_user_coin` WHERE `userid` = 94 LIMIT 1   [ RunTime:0.0000s ]
SQL: SHOW COLUMNS FROM `movesay_config` [ RunTime:0.0030s ]
SQL: SELECT * FROM `movesay_config` WHERE `id` = 1 LIMIT 1   [ RunTime:0.0010s ]
NOTIC: [8] Undefined index: qijianke D:\workfile\btc_fujian2\Application\Home\Controller\HomeController.class.php 第 49 行.
SQL: SHOW COLUMNS FROM `movesay_coin` [ RunTime:0.0030s ]
SQL: SELECT * FROM `movesay_coin` WHERE `status` = 1  [ RunTime:0.0010s ]
SQL: SHOW COLUMNS FROM `movesay_market` [ RunTime:0.0030s ]
SQL: SELECT * FROM `movesay_market` WHERE `status` = 1  [ RunTime:0.0000s ]
SQL: SHOW COLUMNS FROM `movesay_daohang` [ RunTime:0.0020s ]
SQL: SELECT * FROM `movesay_daohang` WHERE `status` = 1 ORDER BY sort asc  [ RunTime:0.0000s ]
SQL: SHOW COLUMNS FROM `movesay_article_type` [ RunTime:0.0020s ]
SQL: SELECT * FROM `movesay_article_type` WHERE `status` = 1 AND `footer` = 1 AND `shang` = '' ORDER BY sort asc ,id desc LIMIT 3   [ RunTime:0.0000s ]
SQL: SHOW COLUMNS FROM `movesay_article` [ RunTime:0.0030s ]
SQL: SELECT `id`,`title` FROM `movesay_article` WHERE `footer` = 1 AND `status` = 1 ORDER BY id asc LIMIT 4   [ RunTime:0.0000s ]
SQL: SELECT `id`,`title` FROM `movesay_article` WHERE `footer` = 1 AND `status` = 1 ORDER BY id asc LIMIT 4   [ RunTime:0.0000s ]
SQL: SELECT `id`,`title` FROM `movesay_article` WHERE `footer` = 1 AND `status` = 1 ORDER BY id asc LIMIT 4   [ RunTime:0.0010s ]
SQL: SELECT * FROM `movesay_user_coin` WHERE `userid` = 94 LIMIT 1   [ RunTime:0.0000s ]

[ 2017-01-18T09:56:53+08:00 ] 127.0.0.1 /Ajax/getDepth?market=ftc_cny&trade_moshi=1&t=0.30481865443584555
INFO: [ app_init ] --START--
INFO: Run Behavior\BuildLiteBehavior [ RunTime:0.000000s ]
INFO: [ app_init ] --END-- [ RunTime:0.002000s ]
INFO: [ app_begin ] --START--
INFO: Run Behavior\ReadHtmlCacheBehavior [ RunTime:0.000000s ]
INFO: Run Behavior\CheckLangBehavior [ RunTime:0.002000s ]
INFO: [ app_begin ] --END-- [ RunTime:0.003000s ]
SQL: SHOW COLUMNS FROM `movesay_user` [ RunTime:0.0020s ]
SQL: SELECT * FROM `movesay_user` WHERE ( id = 94 ) LIMIT 1   [ RunTime:0.0000s ]
SQL: SHOW COLUMNS FROM `movesay_user_coin` [ RunTime:0.0030s ]
SQL: SELECT * FROM `movesay_user_coin` WHERE `userid` = 94 LIMIT 1   [ RunTime:0.0000s ]
SQL: SHOW COLUMNS FROM `movesay_config` [ RunTime:0.0030s ]
SQL: SELECT * FROM `movesay_config` WHERE `id` = 1 LIMIT 1   [ RunTime:0.0010s ]
NOTIC: [8] Undefined index: qijianke D:\workfile\btc_fujian2\Application\Home\Controller\HomeController.class.php 第 49 行.
SQL: SHOW COLUMNS FROM `movesay_coin` [ RunTime:0.0030s ]
SQL: SELECT * FROM `movesay_coin` WHERE `status` = 1  [ RunTime:0.0010s ]
SQL: SHOW COLUMNS FROM `movesay_market` [ RunTime:0.0020s ]
SQL: SELECT * FROM `movesay_market` WHERE `status` = 1  [ RunTime:0.0000s ]
SQL: SHOW COLUMNS FROM `movesay_daohang` [ RunTime:0.0030s ]
SQL: SELECT * FROM `movesay_daohang` WHERE `status` = 1 ORDER BY sort asc  [ RunTime:0.0000s ]
SQL: SHOW COLUMNS FROM `movesay_article_type` [ RunTime:0.0020s ]
SQL: SELECT * FROM `movesay_article_type` WHERE `status` = 1 AND `footer` = 1 AND `shang` = '' ORDER BY sort asc ,id desc LIMIT 3   [ RunTime:0.0010s ]
SQL: SHOW COLUMNS FROM `movesay_article` [ RunTime:0.0030s ]
SQL: SELECT `id`,`title` FROM `movesay_article` WHERE `footer` = 1 AND `status` = 1 ORDER BY id asc LIMIT 4   [ RunTime:0.0000s ]
SQL: SELECT `id`,`title` FROM `movesay_article` WHERE `footer` = 1 AND `status` = 1 ORDER BY id asc LIMIT 4   [ RunTime:0.0000s ]
SQL: SELECT `id`,`title` FROM `movesay_article` WHERE `footer` = 1 AND `status` = 1 ORDER BY id asc LIMIT 4   [ RunTime:0.0000s ]
SQL: select id,price,sum(num-deal)as nums from movesay_trade where status=0 and type=1 and market ='ftc_cny' group by price order by price desc limit 12; [ RunTime:0.0010s ]
SQL: select id,price,sum(num-deal)as nums from movesay_trade where status=0 and type=2 and market ='ftc_cny' group by price order by price asc limit 12; [ RunTime:0.0000s ]

